{"C:\\Users\\vitor.delfino\\Workspace\\InvestmentMonitorBackend\\src\\app\\bot-garch\\models\\Order.ts": {"path":"C:\\Users\\vitor.delfino\\Workspace\\InvestmentMonitorBackend\\src\\app\\bot-garch\\models\\Order.ts","statementMap":{"0":{"start":{"line":1,"column":0},"end":{"line":1,"column":42}},"1":{"start":{"line":3,"column":0},"end":{"line":3,"column":44}},"2":{"start":{"line":4,"column":0},"end":{"line":4,"column":82}},"3":{"start":{"line":14,"column":0},"end":{"line":14,"column":null}},"4":{"start":{"line":14,"column":32},"end":{"line":14,"column":41}},"5":{"start":{"line":17,"column":4},"end":{"line":17,"column":null}},"6":{"start":{"line":20,"column":4},"end":{"line":20,"column":null}},"7":{"start":{"line":23,"column":4},"end":{"line":23,"column":null}},"8":{"start":{"line":26,"column":4},"end":{"line":26,"column":null}},"9":{"start":{"line":29,"column":4},"end":{"line":29,"column":null}},"10":{"start":{"line":32,"column":4},"end":{"line":32,"column":null}},"11":{"start":{"line":33,"column":0},"end":{"line":33,"column":null}},"12":{"start":{"line":14,"column":13},"end":{"line":14,"column":23}},"13":{"start":{"line":35,"column":13},"end":{"line":41,"column":3}}},"fnMap":{"0":{"name":"(anonymous_8)","decl":{"start":{"line":14,"column":0},"end":{"line":14,"column":13}},"loc":{"start":{"line":14,"column":0},"end":{"line":14,"column":13}}}},"branchMap":{},"s":{"0":1,"1":1,"2":1,"3":1,"4":1,"5":1,"6":1,"7":1,"8":1,"9":1,"10":1,"11":1,"12":1,"13":1},"f":{"0":2},"b":{}}
,"C:\\Users\\vitor.delfino\\Workspace\\InvestmentMonitorBackend\\src\\app\\bot-garch\\models\\OrderContent.ts": {"path":"C:\\Users\\vitor.delfino\\Workspace\\InvestmentMonitorBackend\\src\\app\\bot-garch\\models\\OrderContent.ts","statementMap":{"0":{"start":{"line":18,"column":0},"end":{"line":18,"column":13}},"1":{"start":{"line":34,"column":0},"end":{"line":34,"column":null}},"2":{"start":{"line":18,"column":13},"end":{"line":18,"column":25}}},"fnMap":{"0":{"name":"(anonymous_0)","decl":{"start":{"line":18,"column":0},"end":{"line":18,"column":13}},"loc":{"start":{"line":18,"column":0},"end":{"line":34,"column":null}}}},"branchMap":{},"s":{"0":1,"1":1,"2":1},"f":{"0":2},"b":{}}
,"C:\\Users\\vitor.delfino\\Workspace\\InvestmentMonitorBackend\\src\\app\\bot-garch\\services\\service.order.ts": {"path":"C:\\Users\\vitor.delfino\\Workspace\\InvestmentMonitorBackend\\src\\app\\bot-garch\\services\\service.order.ts","statementMap":{"0":{"start":{"line":1,"column":0},"end":{"line":1,"column":79}},"1":{"start":{"line":2,"column":0},"end":{"line":2,"column":61}},"2":{"start":{"line":4,"column":0},"end":{"line":4,"column":13}},"3":{"start":{"line":5,"column":17},"end":{"line":25,"column":6}},"4":{"start":{"line":8,"column":18},"end":{"line":8,"column":45}},"5":{"start":{"line":9,"column":12},"end":{"line":10,"column":56}},"6":{"start":{"line":10,"column":16},"end":{"line":10,"column":56}},"7":{"start":{"line":12,"column":18},"end":{"line":12,"column":104}},"8":{"start":{"line":13,"column":18},"end":{"line":16,"column":14}},"9":{"start":{"line":17,"column":27},"end":{"line":17,"column":null}},"10":{"start":{"line":17,"column":18},"end":{"line":17,"column":null}},"11":{"start":{"line":18,"column":12},"end":{"line":18,"column":70}},"12":{"start":{"line":20,"column":12},"end":{"line":20,"column":null}},"13":{"start":{"line":21,"column":12},"end":{"line":22,"column":24}},"14":{"start":{"line":22,"column":16},"end":{"line":22,"column":24}},"15":{"start":{"line":23,"column":12},"end":{"line":23,"column":null}},"16":{"start":{"line":26,"column":0},"end":{"line":26,"column":null}},"17":{"start":{"line":4,"column":13},"end":{"line":4,"column":25}}},"fnMap":{"0":{"name":"(anonymous_12)","decl":{"start":{"line":4,"column":0},"end":{"line":4,"column":13}},"loc":{"start":{"line":4,"column":0},"end":{"line":26,"column":null}}},"1":{"name":"(anonymous_14)","decl":{"start":{"line":5,"column":4},"end":{"line":5,"column":17}},"loc":{"start":{"line":5,"column":55},"end":{"line":25,"column":6}}}},"branchMap":{"0":{"loc":{"start":{"line":9,"column":12},"end":{"line":10,"column":56}},"type":"if","locations":[{"start":{"line":9,"column":12},"end":{"line":10,"column":56}},{"start":{"line":9,"column":12},"end":{"line":10,"column":56}}]},"1":{"loc":{"start":{"line":12,"column":28},"end":{"line":12,"column":49}},"type":"binary-expr","locations":[{"start":{"line":12,"column":28},"end":{"line":12,"column":49}},{"start":{"line":12,"column":53},"end":{"line":12,"column":55}}]},"2":{"loc":{"start":{"line":17,"column":109},"end":{"line":17,"column":138}},"type":"cond-expr","locations":[{"start":{"line":17,"column":109},"end":{"line":17,"column":138}},{"start":{"line":17,"column":141},"end":{"line":17,"column":143}}]},"3":{"loc":{"start":{"line":17,"column":132},"end":{"line":17,"column":133}},"type":"cond-expr","locations":[{"start":{"line":17,"column":132},"end":{"line":17,"column":133}},{"start":{"line":17,"column":136},"end":{"line":17,"column":138}}]},"4":{"loc":{"start":{"line":21,"column":12},"end":{"line":22,"column":24}},"type":"if","locations":[{"start":{"line":21,"column":12},"end":{"line":22,"column":24}},{"start":{"line":21,"column":12},"end":{"line":22,"column":24}}]}},"s":{"0":1,"1":1,"2":1,"3":1,"4":2,"5":2,"6":0,"7":2,"8":2,"9":2,"10":2,"11":2,"12":0,"13":0,"14":0,"15":0,"16":1,"17":1},"f":{"0":1,"1":2},"b":{"0":[0,2],"1":[2,2],"2":[0,2],"3":[0,0],"4":[0,0]}}
,"C:\\Users\\vitor.delfino\\Workspace\\InvestmentMonitorBackend\\src\\app\\bot-telegram\\models\\EventTelegram.ts": {"path":"C:\\Users\\vitor.delfino\\Workspace\\InvestmentMonitorBackend\\src\\app\\bot-telegram\\models\\EventTelegram.ts","statementMap":{"0":{"start":{"line":1,"column":0},"end":{"line":1,"column":42}},"1":{"start":{"line":3,"column":0},"end":{"line":3,"column":47}},"2":{"start":{"line":4,"column":0},"end":{"line":4,"column":39}},"3":{"start":{"line":5,"column":0},"end":{"line":5,"column":82}},"4":{"start":{"line":16,"column":0},"end":{"line":16,"column":null}},"5":{"start":{"line":16,"column":36},"end":{"line":16,"column":45}},"6":{"start":{"line":16,"column":0},"end":{"line":16,"column":13}},"7":{"start":{"line":18,"column":4},"end":{"line":18,"column":30}},"8":{"start":{"line":23,"column":4},"end":{"line":23,"column":32}},"9":{"start":{"line":26,"column":4},"end":{"line":26,"column":34}},"10":{"start":{"line":29,"column":4},"end":{"line":29,"column":43}},"11":{"start":{"line":32,"column":4},"end":{"line":32,"column":35}},"12":{"start":{"line":35,"column":4},"end":{"line":35,"column":35}},"13":{"start":{"line":18,"column":4},"end":{"line":18,"column":null}},"14":{"start":{"line":23,"column":4},"end":{"line":23,"column":null}},"15":{"start":{"line":26,"column":4},"end":{"line":26,"column":null}},"16":{"start":{"line":29,"column":4},"end":{"line":29,"column":null}},"17":{"start":{"line":32,"column":4},"end":{"line":32,"column":null}},"18":{"start":{"line":35,"column":4},"end":{"line":35,"column":null}},"19":{"start":{"line":36,"column":0},"end":{"line":36,"column":null}},"20":{"start":{"line":16,"column":13},"end":{"line":16,"column":27}},"21":{"start":{"line":38,"column":13},"end":{"line":44,"column":3}}},"fnMap":{"0":{"name":"(anonymous_8)","decl":{"start":{"line":16,"column":0},"end":{"line":16,"column":13}},"loc":{"start":{"line":16,"column":0},"end":{"line":16,"column":13}}}},"branchMap":{"0":{"loc":{"start":{"line":16,"column":0},"end":{"line":16,"column":13}},"type":"binary-expr","locations":[{"start":{"line":16,"column":0},"end":{"line":16,"column":13}},{"start":{"line":16,"column":0},"end":{"line":16,"column":13}},{"start":{"line":16,"column":0},"end":{"line":16,"column":13}}]}},"s":{"0":2,"1":2,"2":2,"3":2,"4":2,"5":2,"6":2,"7":2,"8":2,"9":2,"10":2,"11":2,"12":2,"13":2,"14":2,"15":2,"16":2,"17":2,"18":2,"19":2,"20":2,"21":2},"f":{"0":4},"b":{"0":[2,2,2]}}
,"C:\\Users\\vitor.delfino\\Workspace\\InvestmentMonitorBackend\\src\\app\\bot-telegram\\models\\enums\\Actions.ts": {"path":"C:\\Users\\vitor.delfino\\Workspace\\InvestmentMonitorBackend\\src\\app\\bot-telegram\\models\\enums\\Actions.ts","statementMap":{"0":{"start":{"line":1,"column":0},"end":{"line":1,"column":null}},"1":{"start":{"line":2,"column":4},"end":{"line":2,"column":null}},"2":{"start":{"line":3,"column":3},"end":{"line":3,"column":null}}},"fnMap":{"0":{"name":"(anonymous_0)","decl":{"start":{"line":1,"column":0},"end":{"line":1,"column":12}},"loc":{"start":{"line":1,"column":18},"end":{"line":4,"column":1}}}},"branchMap":{"0":{"loc":{"start":{"line":1,"column":12},"end":{"line":1,"column":18}},"type":"binary-expr","locations":[{"start":{"line":1,"column":12},"end":{"line":1,"column":18}},{"start":{"line":1,"column":12},"end":{"line":1,"column":null}}]}},"s":{"0":2,"1":2,"2":2},"f":{"0":2},"b":{"0":[2,2]}}
,"C:\\Users\\vitor.delfino\\Workspace\\InvestmentMonitorBackend\\src\\app\\bot-telegram\\models\\enums\\ContentStatus.ts": {"path":"C:\\Users\\vitor.delfino\\Workspace\\InvestmentMonitorBackend\\src\\app\\bot-telegram\\models\\enums\\ContentStatus.ts","statementMap":{"0":{"start":{"line":1,"column":0},"end":{"line":1,"column":null}},"1":{"start":{"line":2,"column":4},"end":{"line":2,"column":null}},"2":{"start":{"line":3,"column":4},"end":{"line":3,"column":null}},"3":{"start":{"line":4,"column":4},"end":{"line":4,"column":null}},"4":{"start":{"line":5,"column":4},"end":{"line":5,"column":null}},"5":{"start":{"line":6,"column":4},"end":{"line":6,"column":null}}},"fnMap":{"0":{"name":"(anonymous_0)","decl":{"start":{"line":1,"column":0},"end":{"line":1,"column":12}},"loc":{"start":{"line":1,"column":25},"end":{"line":7,"column":1}}}},"branchMap":{"0":{"loc":{"start":{"line":1,"column":12},"end":{"line":1,"column":25}},"type":"binary-expr","locations":[{"start":{"line":1,"column":12},"end":{"line":1,"column":25}},{"start":{"line":1,"column":12},"end":{"line":1,"column":null}}]}},"s":{"0":1,"1":1,"2":1,"3":1,"4":1,"5":1},"f":{"0":1},"b":{"0":[1,1]}}
,"C:\\Users\\vitor.delfino\\Workspace\\InvestmentMonitorBackend\\src\\app\\bot-telegram\\models\\interfaces\\IContent.ts": {"path":"C:\\Users\\vitor.delfino\\Workspace\\InvestmentMonitorBackend\\src\\app\\bot-telegram\\models\\interfaces\\IContent.ts","statementMap":{"0":{"start":{"line":26,"column":0},"end":{"line":26,"column":13}},"1":{"start":{"line":52,"column":0},"end":{"line":52,"column":null}},"2":{"start":{"line":26,"column":13},"end":{"line":26,"column":21}}},"fnMap":{"0":{"name":"(anonymous_0)","decl":{"start":{"line":26,"column":0},"end":{"line":26,"column":13}},"loc":{"start":{"line":26,"column":0},"end":{"line":52,"column":null}}}},"branchMap":{},"s":{"0":2,"1":2,"2":2},"f":{"0":4},"b":{}}
,"C:\\Users\\vitor.delfino\\Workspace\\InvestmentMonitorBackend\\src\\app\\bot-telegram\\services\\service.events-telegram.ts": {"path":"C:\\Users\\vitor.delfino\\Workspace\\InvestmentMonitorBackend\\src\\app\\bot-telegram\\services\\service.events-telegram.ts","statementMap":{"0":{"start":{"line":1,"column":0},"end":{"line":1,"column":81}},"1":{"start":{"line":2,"column":0},"end":{"line":2,"column":79}},"2":{"start":{"line":4,"column":0},"end":{"line":4,"column":13}},"3":{"start":{"line":6,"column":17},"end":{"line":38,"column":null}},"4":{"start":{"line":14,"column":18},"end":{"line":14,"column":47}},"5":{"start":{"line":15,"column":12},"end":{"line":16,"column":45}},"6":{"start":{"line":16,"column":16},"end":{"line":16,"column":45}},"7":{"start":{"line":18,"column":12},"end":{"line":19,"column":56}},"8":{"start":{"line":19,"column":16},"end":{"line":19,"column":56}},"9":{"start":{"line":21,"column":18},"end":{"line":21,"column":104}},"10":{"start":{"line":22,"column":18},"end":{"line":25,"column":14}},"11":{"start":{"line":27,"column":29},"end":{"line":27,"column":null}},"12":{"start":{"line":27,"column":18},"end":{"line":27,"column":null}},"13":{"start":{"line":30,"column":12},"end":{"line":30,"column":76}},"14":{"start":{"line":33,"column":12},"end":{"line":34,"column":24}},"15":{"start":{"line":34,"column":16},"end":{"line":34,"column":24}},"16":{"start":{"line":35,"column":12},"end":{"line":35,"column":null}},"17":{"start":{"line":41,"column":0},"end":{"line":41,"column":null}},"18":{"start":{"line":4,"column":13},"end":{"line":4,"column":34}}},"fnMap":{"0":{"name":"(anonymous_12)","decl":{"start":{"line":4,"column":0},"end":{"line":4,"column":13}},"loc":{"start":{"line":4,"column":0},"end":{"line":41,"column":null}}},"1":{"name":"(anonymous_14)","decl":{"start":{"line":6,"column":4},"end":{"line":6,"column":17}},"loc":{"start":{"line":11,"column":5},"end":{"line":38,"column":null}}}},"branchMap":{"0":{"loc":{"start":{"line":15,"column":12},"end":{"line":16,"column":45}},"type":"if","locations":[{"start":{"line":15,"column":12},"end":{"line":16,"column":45}},{"start":{"line":15,"column":12},"end":{"line":16,"column":45}}]},"1":{"loc":{"start":{"line":18,"column":12},"end":{"line":19,"column":56}},"type":"if","locations":[{"start":{"line":18,"column":12},"end":{"line":19,"column":56}},{"start":{"line":18,"column":12},"end":{"line":19,"column":56}}]},"2":{"loc":{"start":{"line":21,"column":28},"end":{"line":21,"column":49}},"type":"binary-expr","locations":[{"start":{"line":21,"column":28},"end":{"line":21,"column":49}},{"start":{"line":21,"column":53},"end":{"line":21,"column":55}}]},"3":{"loc":{"start":{"line":33,"column":12},"end":{"line":34,"column":24}},"type":"if","locations":[{"start":{"line":33,"column":12},"end":{"line":34,"column":24}},{"start":{"line":33,"column":12},"end":{"line":34,"column":24}}]}},"s":{"0":1,"1":1,"2":1,"3":1,"4":3,"5":3,"6":3,"7":3,"8":1,"9":3,"10":3,"11":3,"12":3,"13":1,"14":2,"15":1,"16":1,"17":1,"18":1},"f":{"0":1,"1":3},"b":{"0":[3,0],"1":[1,2],"2":[3,0],"3":[1,1]}}
,"C:\\Users\\vitor.delfino\\Workspace\\InvestmentMonitorBackend\\src\\app\\bot-telegram\\services\\service.metrics-telegram.ts": {"path":"C:\\Users\\vitor.delfino\\Workspace\\InvestmentMonitorBackend\\src\\app\\bot-telegram\\services\\service.metrics-telegram.ts","statementMap":{"0":{"start":{"line":1,"column":0},"end":{"line":1,"column":81}},"1":{"start":{"line":2,"column":0},"end":{"line":2,"column":63}},"2":{"start":{"line":3,"column":0},"end":{"line":3,"column":48}},"3":{"start":{"line":4,"column":0},"end":{"line":4,"column":61}},"4":{"start":{"line":6,"column":0},"end":{"line":6,"column":13}},"5":{"start":{"line":8,"column":17},"end":{"line":65,"column":null}},"6":{"start":{"line":16,"column":12},"end":{"line":18,"column":null}},"7":{"start":{"line":17,"column":16},"end":{"line":17,"column":null}},"8":{"start":{"line":19,"column":18},"end":{"line":19,"column":47}},"9":{"start":{"line":20,"column":12},"end":{"line":20,"column":null}},"10":{"start":{"line":21,"column":12},"end":{"line":21,"column":null}},"11":{"start":{"line":23,"column":12},"end":{"line":26,"column":null}},"12":{"start":{"line":24,"column":22},"end":{"line":24,"column":null}},"13":{"start":{"line":25,"column":16},"end":{"line":25,"column":null}},"14":{"start":{"line":28,"column":29},"end":{"line":28,"column":null}},"15":{"start":{"line":28,"column":18},"end":{"line":28,"column":null}},"16":{"start":{"line":29,"column":18},"end":{"line":29,"column":null}},"17":{"start":{"line":29,"column":60},"end":{"line":29,"column":106}},"18":{"start":{"line":30,"column":18},"end":{"line":30,"column":null}},"19":{"start":{"line":30,"column":63},"end":{"line":30,"column":110}},"20":{"start":{"line":31,"column":16},"end":{"line":31,"column":null}},"21":{"start":{"line":32,"column":16},"end":{"line":32,"column":null}},"22":{"start":{"line":33,"column":12},"end":{"line":44,"column":null}},"23":{"start":{"line":34,"column":16},"end":{"line":43,"column":19}},"24":{"start":{"line":35,"column":20},"end":{"line":42,"column":null}},"25":{"start":{"line":36,"column":24},"end":{"line":38,"column":null}},"26":{"start":{"line":37,"column":28},"end":{"line":37,"column":null}},"27":{"start":{"line":39,"column":24},"end":{"line":41,"column":null}},"28":{"start":{"line":40,"column":28},"end":{"line":40,"column":null}},"29":{"start":{"line":46,"column":18},"end":{"line":46,"column":null}},"30":{"start":{"line":47,"column":18},"end":{"line":53,"column":null}},"31":{"start":{"line":55,"column":12},"end":{"line":55,"column":84}},"32":{"start":{"line":58,"column":12},"end":{"line":59,"column":24}},"33":{"start":{"line":59,"column":16},"end":{"line":59,"column":24}},"34":{"start":{"line":60,"column":12},"end":{"line":60,"column":null}},"35":{"start":{"line":67,"column":17},"end":{"line":114,"column":null}},"36":{"start":{"line":70,"column":12},"end":{"line":72,"column":null}},"37":{"start":{"line":71,"column":16},"end":{"line":71,"column":null}},"38":{"start":{"line":73,"column":18},"end":{"line":73,"column":47}},"39":{"start":{"line":74,"column":12},"end":{"line":74,"column":null}},"40":{"start":{"line":75,"column":12},"end":{"line":75,"column":null}},"41":{"start":{"line":77,"column":29},"end":{"line":77,"column":null}},"42":{"start":{"line":77,"column":18},"end":{"line":77,"column":null}},"43":{"start":{"line":79,"column":18},"end":{"line":79,"column":null}},"44":{"start":{"line":80,"column":12},"end":{"line":98,"column":15}},"45":{"start":{"line":81,"column":16},"end":{"line":97,"column":null}},"46":{"start":{"line":82,"column":20},"end":{"line":87,"column":null}},"47":{"start":{"line":83,"column":24},"end":{"line":83,"column":null}},"48":{"start":{"line":84,"column":24},"end":{"line":84,"column":null}},"49":{"start":{"line":86,"column":24},"end":{"line":86,"column":null}},"50":{"start":{"line":89,"column":21},"end":{"line":97,"column":null}},"51":{"start":{"line":90,"column":20},"end":{"line":96,"column":null}},"52":{"start":{"line":91,"column":24},"end":{"line":91,"column":null}},"53":{"start":{"line":92,"column":24},"end":{"line":92,"column":null}},"54":{"start":{"line":95,"column":24},"end":{"line":95,"column":null}},"55":{"start":{"line":100,"column":18},"end":{"line":100,"column":null}},"56":{"start":{"line":102,"column":18},"end":{"line":102,"column":null}},"57":{"start":{"line":104,"column":12},"end":{"line":106,"column":15}},"58":{"start":{"line":105,"column":16},"end":{"line":105,"column":null}},"59":{"start":{"line":108,"column":12},"end":{"line":108,"column":70}},"60":{"start":{"line":110,"column":12},"end":{"line":111,"column":24}},"61":{"start":{"line":111,"column":16},"end":{"line":111,"column":24}},"62":{"start":{"line":112,"column":12},"end":{"line":112,"column":null}},"63":{"start":{"line":117,"column":0},"end":{"line":117,"column":null}},"64":{"start":{"line":6,"column":13},"end":{"line":6,"column":34}}},"fnMap":{"0":{"name":"(anonymous_12)","decl":{"start":{"line":6,"column":0},"end":{"line":6,"column":13}},"loc":{"start":{"line":6,"column":0},"end":{"line":117,"column":null}}},"1":{"name":"(anonymous_14)","decl":{"start":{"line":8,"column":4},"end":{"line":8,"column":17}},"loc":{"start":{"line":12,"column":5},"end":{"line":65,"column":null}}},"2":{"name":"(anonymous_17)","decl":{"start":{"line":29,"column":47},"end":{"line":29,"column":48}},"loc":{"start":{"line":29,"column":55},"end":{"line":29,"column":67}}},"3":{"name":"(anonymous_18)","decl":{"start":{"line":30,"column":50},"end":{"line":30,"column":51}},"loc":{"start":{"line":30,"column":58},"end":{"line":30,"column":70}}},"4":{"name":"(anonymous_19)","decl":{"start":{"line":33,"column":31},"end":{"line":33,"column":42}},"loc":{"start":{"line":33,"column":42},"end":{"line":44,"column":13}}},"5":{"name":"(anonymous_20)","decl":{"start":{"line":34,"column":38},"end":{"line":34,"column":52}},"loc":{"start":{"line":34,"column":52},"end":{"line":43,"column":17}}},"6":{"name":"(anonymous_21)","decl":{"start":{"line":67,"column":4},"end":{"line":67,"column":17}},"loc":{"start":{"line":67,"column":91},"end":{"line":114,"column":null}}},"7":{"name":"(anonymous_24)","decl":{"start":{"line":80,"column":29},"end":{"line":80,"column":36}},"loc":{"start":{"line":80,"column":36},"end":{"line":98,"column":13}}},"8":{"name":"(anonymous_25)","decl":{"start":{"line":104,"column":25},"end":{"line":104,"column":32}},"loc":{"start":{"line":104,"column":32},"end":{"line":106,"column":13}}}},"branchMap":{"0":{"loc":{"start":{"line":16,"column":12},"end":{"line":18,"column":null}},"type":"if","locations":[{"start":{"line":16,"column":12},"end":{"line":18,"column":null}},{"start":{"line":16,"column":12},"end":{"line":18,"column":null}}]},"1":{"loc":{"start":{"line":16,"column":16},"end":{"line":16,"column":28}},"type":"binary-expr","locations":[{"start":{"line":16,"column":16},"end":{"line":16,"column":28}},{"start":{"line":16,"column":32},"end":{"line":16,"column":42}}]},"2":{"loc":{"start":{"line":23,"column":12},"end":{"line":26,"column":null}},"type":"if","locations":[{"start":{"line":23,"column":12},"end":{"line":26,"column":null}},{"start":{"line":23,"column":12},"end":{"line":26,"column":null}}]},"3":{"loc":{"start":{"line":35,"column":20},"end":{"line":42,"column":null}},"type":"if","locations":[{"start":{"line":35,"column":20},"end":{"line":42,"column":null}},{"start":{"line":35,"column":20},"end":{"line":42,"column":null}}]},"4":{"loc":{"start":{"line":36,"column":24},"end":{"line":38,"column":null}},"type":"if","locations":[{"start":{"line":36,"column":24},"end":{"line":38,"column":null}},{"start":{"line":36,"column":24},"end":{"line":38,"column":null}}]},"5":{"loc":{"start":{"line":39,"column":24},"end":{"line":41,"column":null}},"type":"if","locations":[{"start":{"line":39,"column":24},"end":{"line":41,"column":null}},{"start":{"line":39,"column":24},"end":{"line":41,"column":null}}]},"6":{"loc":{"start":{"line":58,"column":12},"end":{"line":59,"column":24}},"type":"if","locations":[{"start":{"line":58,"column":12},"end":{"line":59,"column":24}},{"start":{"line":58,"column":12},"end":{"line":59,"column":24}}]},"7":{"loc":{"start":{"line":70,"column":12},"end":{"line":72,"column":null}},"type":"if","locations":[{"start":{"line":70,"column":12},"end":{"line":72,"column":null}},{"start":{"line":70,"column":12},"end":{"line":72,"column":null}}]},"8":{"loc":{"start":{"line":70,"column":16},"end":{"line":70,"column":28}},"type":"binary-expr","locations":[{"start":{"line":70,"column":16},"end":{"line":70,"column":28}},{"start":{"line":70,"column":32},"end":{"line":70,"column":42}}]},"9":{"loc":{"start":{"line":81,"column":16},"end":{"line":97,"column":null}},"type":"if","locations":[{"start":{"line":81,"column":16},"end":{"line":97,"column":null}},{"start":{"line":81,"column":16},"end":{"line":97,"column":null}}]},"10":{"loc":{"start":{"line":82,"column":20},"end":{"line":87,"column":null}},"type":"if","locations":[{"start":{"line":82,"column":20},"end":{"line":87,"column":null}},{"start":{"line":82,"column":20},"end":{"line":87,"column":null}}]},"11":{"loc":{"start":{"line":89,"column":21},"end":{"line":97,"column":null}},"type":"if","locations":[{"start":{"line":89,"column":21},"end":{"line":97,"column":null}},{"start":{"line":89,"column":21},"end":{"line":97,"column":null}}]},"12":{"loc":{"start":{"line":89,"column":25},"end":{"line":89,"column":71}},"type":"binary-expr","locations":[{"start":{"line":89,"column":25},"end":{"line":89,"column":71}},{"start":{"line":89,"column":75},"end":{"line":89,"column":120}}]},"13":{"loc":{"start":{"line":90,"column":20},"end":{"line":96,"column":null}},"type":"if","locations":[{"start":{"line":90,"column":20},"end":{"line":96,"column":null}},{"start":{"line":90,"column":20},"end":{"line":96,"column":null}}]},"14":{"loc":{"start":{"line":110,"column":12},"end":{"line":111,"column":24}},"type":"if","locations":[{"start":{"line":110,"column":12},"end":{"line":111,"column":24}},{"start":{"line":110,"column":12},"end":{"line":111,"column":24}}]}},"s":{"0":1,"1":1,"2":1,"3":1,"4":1,"5":1,"6":4,"7":1,"8":3,"9":3,"10":3,"11":3,"12":2,"13":2,"14":3,"15":3,"16":2,"17":5,"18":2,"19":5,"20":2,"21":2,"22":2,"23":3,"24":6,"25":2,"26":1,"27":2,"28":1,"29":2,"30":2,"31":2,"32":2,"33":1,"34":1,"35":1,"36":3,"37":1,"38":2,"39":2,"40":2,"41":2,"42":2,"43":1,"44":1,"45":5,"46":3,"47":1,"48":1,"49":2,"50":2,"51":2,"52":1,"53":1,"54":1,"55":1,"56":1,"57":1,"58":2,"59":1,"60":2,"61":1,"62":1,"63":1,"64":1},"f":{"0":1,"1":4,"2":5,"3":5,"4":3,"5":6,"6":3,"7":5,"8":2},"b":{"0":[1,3],"1":[4,3],"2":[2,1],"3":[2,4],"4":[1,1],"5":[1,1],"6":[1,1],"7":[1,2],"8":[3,2],"9":[3,2],"10":[1,2],"11":[2,0],"12":[2,1],"13":[1,1],"14":[1,1]}}
,"C:\\Users\\vitor.delfino\\Workspace\\InvestmentMonitorBackend\\src\\app\\commons\\models\\bot-events\\BotEvents.ts": {"path":"C:\\Users\\vitor.delfino\\Workspace\\InvestmentMonitorBackend\\src\\app\\commons\\models\\bot-events\\BotEvents.ts","statementMap":{"0":{"start":{"line":1,"column":0},"end":{"line":1,"column":42}},"1":{"start":{"line":2,"column":0},"end":{"line":2,"column":46}},"2":{"start":{"line":9,"column":0},"end":{"line":9,"column":null}},"3":{"start":{"line":9,"column":31},"end":{"line":9,"column":40}},"4":{"start":{"line":11,"column":4},"end":{"line":11,"column":null}},"5":{"start":{"line":14,"column":4},"end":{"line":14,"column":null}},"6":{"start":{"line":15,"column":0},"end":{"line":15,"column":null}},"7":{"start":{"line":9,"column":13},"end":{"line":9,"column":22}},"8":{"start":{"line":17,"column":13},"end":{"line":23,"column":3}}},"fnMap":{"0":{"name":"(anonymous_8)","decl":{"start":{"line":9,"column":0},"end":{"line":9,"column":13}},"loc":{"start":{"line":9,"column":0},"end":{"line":9,"column":13}}}},"branchMap":{},"s":{"0":1,"1":1,"2":1,"3":1,"4":1,"5":1,"6":1,"7":1,"8":1},"f":{"0":2},"b":{}}
,"C:\\Users\\vitor.delfino\\Workspace\\InvestmentMonitorBackend\\src\\app\\commons\\models\\exchange\\Exchange.ts": {"path":"C:\\Users\\vitor.delfino\\Workspace\\InvestmentMonitorBackend\\src\\app\\commons\\models\\exchange\\Exchange.ts","statementMap":{"0":{"start":{"line":1,"column":0},"end":{"line":1,"column":44}},"1":{"start":{"line":2,"column":0},"end":{"line":2,"column":26}},"2":{"start":{"line":3,"column":0},"end":{"line":3,"column":81}},"3":{"start":{"line":4,"column":0},"end":{"line":4,"column":46}},"4":{"start":{"line":13,"column":0},"end":{"line":13,"column":null}},"5":{"start":{"line":13,"column":30},"end":{"line":13,"column":39}},"6":{"start":{"line":13,"column":0},"end":{"line":13,"column":13}},"7":{"start":{"line":18,"column":2},"end":{"line":18,"column":28}},"8":{"start":{"line":23,"column":2},"end":{"line":23,"column":27}},"9":{"start":{"line":28,"column":2},"end":{"line":28,"column":32}},"10":{"start":{"line":35,"column":2},"end":{"line":35,"column":31}},"11":{"start":{"line":39,"column":2},"end":{"line":39,"column":45}},"12":{"start":{"line":43,"column":2},"end":{"line":43,"column":46}},"13":{"start":{"line":18,"column":2},"end":{"line":18,"column":null}},"14":{"start":{"line":23,"column":2},"end":{"line":23,"column":null}},"15":{"start":{"line":28,"column":2},"end":{"line":28,"column":null}},"16":{"start":{"line":35,"column":2},"end":{"line":35,"column":null}},"17":{"start":{"line":39,"column":2},"end":{"line":39,"column":null}},"18":{"start":{"line":43,"column":2},"end":{"line":43,"column":null}},"19":{"start":{"line":44,"column":0},"end":{"line":44,"column":null}},"20":{"start":{"line":13,"column":13},"end":{"line":13,"column":21}},"21":{"start":{"line":46,"column":13},"end":{"line":52,"column":3}}},"fnMap":{"0":{"name":"(anonymous_8)","decl":{"start":{"line":13,"column":0},"end":{"line":13,"column":13}},"loc":{"start":{"line":13,"column":0},"end":{"line":13,"column":13}}}},"branchMap":{"0":{"loc":{"start":{"line":13,"column":0},"end":{"line":13,"column":13}},"type":"binary-expr","locations":[{"start":{"line":13,"column":0},"end":{"line":13,"column":13}},{"start":{"line":13,"column":0},"end":{"line":13,"column":13}},{"start":{"line":13,"column":0},"end":{"line":13,"column":13}}]}},"s":{"0":4,"1":4,"2":4,"3":4,"4":4,"5":4,"6":10,"7":10,"8":10,"9":10,"10":10,"11":10,"12":10,"13":4,"14":4,"15":4,"16":4,"17":4,"18":4,"19":4,"20":4,"21":4},"f":{"0":14},"b":{"0":[10,10,10]}}
,"C:\\Users\\vitor.delfino\\Workspace\\InvestmentMonitorBackend\\src\\app\\commons\\models\\group\\Group.ts": {"path":"C:\\Users\\vitor.delfino\\Workspace\\InvestmentMonitorBackend\\src\\app\\commons\\models\\group\\Group.ts","statementMap":{"0":{"start":{"line":1,"column":0},"end":{"line":1,"column":44}},"1":{"start":{"line":2,"column":0},"end":{"line":2,"column":26}},"2":{"start":{"line":3,"column":0},"end":{"line":3,"column":81}},"3":{"start":{"line":4,"column":0},"end":{"line":4,"column":46}},"4":{"start":{"line":11,"column":0},"end":{"line":11,"column":null}},"5":{"start":{"line":11,"column":27},"end":{"line":11,"column":36}},"6":{"start":{"line":11,"column":0},"end":{"line":11,"column":13}},"7":{"start":{"line":16,"column":2},"end":{"line":16,"column":28}},"8":{"start":{"line":21,"column":2},"end":{"line":21,"column":31}},"9":{"start":{"line":16,"column":2},"end":{"line":16,"column":null}},"10":{"start":{"line":21,"column":2},"end":{"line":21,"column":null}},"11":{"start":{"line":22,"column":0},"end":{"line":22,"column":null}},"12":{"start":{"line":11,"column":13},"end":{"line":11,"column":18}},"13":{"start":{"line":24,"column":13},"end":{"line":30,"column":3}}},"fnMap":{"0":{"name":"(anonymous_8)","decl":{"start":{"line":11,"column":0},"end":{"line":11,"column":13}},"loc":{"start":{"line":11,"column":0},"end":{"line":11,"column":13}}}},"branchMap":{"0":{"loc":{"start":{"line":11,"column":0},"end":{"line":11,"column":13}},"type":"binary-expr","locations":[{"start":{"line":11,"column":0},"end":{"line":11,"column":13}},{"start":{"line":11,"column":0},"end":{"line":11,"column":13}},{"start":{"line":11,"column":0},"end":{"line":11,"column":13}}]}},"s":{"0":1,"1":1,"2":1,"3":1,"4":1,"5":1,"6":7,"7":7,"8":7,"9":1,"10":1,"11":1,"12":1,"13":1},"f":{"0":8},"b":{"0":[7,7,7]}}
,"C:\\Users\\vitor.delfino\\Workspace\\InvestmentMonitorBackend\\src\\app\\commons\\models\\instance\\Instance.ts": {"path":"C:\\Users\\vitor.delfino\\Workspace\\InvestmentMonitorBackend\\src\\app\\commons\\models\\instance\\Instance.ts","statementMap":{"0":{"start":{"line":1,"column":0},"end":{"line":1,"column":49}},"1":{"start":{"line":2,"column":0},"end":{"line":2,"column":26}},"2":{"start":{"line":3,"column":0},"end":{"line":3,"column":60}},"3":{"start":{"line":5,"column":0},"end":{"line":5,"column":46}},"4":{"start":{"line":7,"column":0},"end":{"line":7,"column":null}},"5":{"start":{"line":9,"column":2},"end":{"line":9,"column":null}},"6":{"start":{"line":10,"column":2},"end":{"line":10,"column":null}},"7":{"start":{"line":11,"column":2},"end":{"line":11,"column":null}},"8":{"start":{"line":12,"column":2},"end":{"line":12,"column":null}},"9":{"start":{"line":13,"column":2},"end":{"line":13,"column":null}},"10":{"start":{"line":16,"column":0},"end":{"line":16,"column":null}},"11":{"start":{"line":17,"column":2},"end":{"line":17,"column":null}},"12":{"start":{"line":18,"column":2},"end":{"line":18,"column":null}},"13":{"start":{"line":19,"column":2},"end":{"line":19,"column":null}},"14":{"start":{"line":32,"column":0},"end":{"line":32,"column":null}},"15":{"start":{"line":32,"column":30},"end":{"line":32,"column":39}},"16":{"start":{"line":32,"column":0},"end":{"line":32,"column":13}},"17":{"start":{"line":37,"column":2},"end":{"line":37,"column":29}},"18":{"start":{"line":42,"column":2},"end":{"line":42,"column":34}},"19":{"start":{"line":48,"column":2},"end":{"line":48,"column":34}},"20":{"start":{"line":53,"column":2},"end":{"line":53,"column":51}},"21":{"start":{"line":37,"column":2},"end":{"line":37,"column":null}},"22":{"start":{"line":42,"column":2},"end":{"line":42,"column":null}},"23":{"start":{"line":48,"column":2},"end":{"line":48,"column":null}},"24":{"start":{"line":53,"column":2},"end":{"line":53,"column":null}},"25":{"start":{"line":56,"column":2},"end":{"line":56,"column":null}},"26":{"start":{"line":59,"column":2},"end":{"line":59,"column":null}},"27":{"start":{"line":62,"column":2},"end":{"line":62,"column":null}},"28":{"start":{"line":63,"column":0},"end":{"line":63,"column":null}},"29":{"start":{"line":32,"column":13},"end":{"line":32,"column":21}},"30":{"start":{"line":65,"column":13},"end":{"line":70,"column":3}}},"fnMap":{"0":{"name":"(anonymous_8)","decl":{"start":{"line":7,"column":0},"end":{"line":7,"column":12}},"loc":{"start":{"line":7,"column":26},"end":{"line":14,"column":1}}},"1":{"name":"(anonymous_9)","decl":{"start":{"line":16,"column":0},"end":{"line":16,"column":12}},"loc":{"start":{"line":16,"column":24},"end":{"line":20,"column":1}}},"2":{"name":"(anonymous_10)","decl":{"start":{"line":32,"column":0},"end":{"line":32,"column":13}},"loc":{"start":{"line":32,"column":0},"end":{"line":32,"column":13}}}},"branchMap":{"0":{"loc":{"start":{"line":7,"column":12},"end":{"line":7,"column":26}},"type":"binary-expr","locations":[{"start":{"line":7,"column":12},"end":{"line":7,"column":26}},{"start":{"line":7,"column":12},"end":{"line":7,"column":null}}]},"1":{"loc":{"start":{"line":16,"column":12},"end":{"line":16,"column":24}},"type":"binary-expr","locations":[{"start":{"line":16,"column":12},"end":{"line":16,"column":24}},{"start":{"line":16,"column":12},"end":{"line":16,"column":null}}]},"2":{"loc":{"start":{"line":32,"column":0},"end":{"line":32,"column":13}},"type":"binary-expr","locations":[{"start":{"line":32,"column":0},"end":{"line":32,"column":13}},{"start":{"line":32,"column":0},"end":{"line":32,"column":13}},{"start":{"line":32,"column":0},"end":{"line":32,"column":13}}]}},"s":{"0":3,"1":3,"2":3,"3":3,"4":3,"5":3,"6":3,"7":3,"8":3,"9":3,"10":3,"11":3,"12":3,"13":3,"14":3,"15":3,"16":3,"17":3,"18":3,"19":3,"20":3,"21":3,"22":3,"23":3,"24":3,"25":3,"26":3,"27":3,"28":3,"29":3,"30":3},"f":{"0":3,"1":3,"2":6},"b":{"0":[3,3],"1":[3,3],"2":[3,3,3]}}
,"C:\\Users\\vitor.delfino\\Workspace\\InvestmentMonitorBackend\\src\\app\\commons\\models\\topic\\Topic.ts": {"path":"C:\\Users\\vitor.delfino\\Workspace\\InvestmentMonitorBackend\\src\\app\\commons\\models\\topic\\Topic.ts","statementMap":{"0":{"start":{"line":1,"column":0},"end":{"line":1,"column":42}},"1":{"start":{"line":2,"column":0},"end":{"line":2,"column":72}},"2":{"start":{"line":3,"column":0},"end":{"line":3,"column":46}},"3":{"start":{"line":5,"column":13},"end":{"line":5,"column":53}},"4":{"start":{"line":7,"column":0},"end":{"line":7,"column":null}},"5":{"start":{"line":8,"column":4},"end":{"line":8,"column":null}},"6":{"start":{"line":9,"column":4},"end":{"line":9,"column":null}},"7":{"start":{"line":10,"column":4},"end":{"line":10,"column":null}},"8":{"start":{"line":11,"column":4},"end":{"line":11,"column":null}},"9":{"start":{"line":20,"column":0},"end":{"line":20,"column":null}},"10":{"start":{"line":20,"column":27},"end":{"line":20,"column":36}},"11":{"start":{"line":20,"column":0},"end":{"line":20,"column":13}},"12":{"start":{"line":25,"column":4},"end":{"line":25,"column":30}},"13":{"start":{"line":30,"column":4},"end":{"line":30,"column":33}},"14":{"start":{"line":35,"column":4},"end":{"line":35,"column":31}},"15":{"start":{"line":25,"column":4},"end":{"line":25,"column":null}},"16":{"start":{"line":30,"column":4},"end":{"line":30,"column":null}},"17":{"start":{"line":35,"column":4},"end":{"line":35,"column":null}},"18":{"start":{"line":36,"column":0},"end":{"line":36,"column":null}},"19":{"start":{"line":20,"column":13},"end":{"line":20,"column":18}},"20":{"start":{"line":38,"column":13},"end":{"line":44,"column":3}}},"fnMap":{"0":{"name":"(anonymous_8)","decl":{"start":{"line":7,"column":0},"end":{"line":7,"column":12}},"loc":{"start":{"line":7,"column":21},"end":{"line":12,"column":1}}},"1":{"name":"(anonymous_9)","decl":{"start":{"line":20,"column":0},"end":{"line":20,"column":13}},"loc":{"start":{"line":20,"column":0},"end":{"line":20,"column":13}}}},"branchMap":{"0":{"loc":{"start":{"line":7,"column":12},"end":{"line":7,"column":21}},"type":"binary-expr","locations":[{"start":{"line":7,"column":12},"end":{"line":7,"column":21}},{"start":{"line":7,"column":12},"end":{"line":7,"column":null}}]},"1":{"loc":{"start":{"line":20,"column":0},"end":{"line":20,"column":13}},"type":"binary-expr","locations":[{"start":{"line":20,"column":0},"end":{"line":20,"column":13}},{"start":{"line":20,"column":0},"end":{"line":20,"column":13}},{"start":{"line":20,"column":0},"end":{"line":20,"column":13}}]}},"s":{"0":2,"1":2,"2":2,"3":2,"4":2,"5":2,"6":2,"7":2,"8":2,"9":2,"10":2,"11":6,"12":6,"13":6,"14":6,"15":2,"16":2,"17":2,"18":2,"19":2,"20":2},"f":{"0":2,"1":8},"b":{"0":[2,2],"1":[6,6,6]}}
,"C:\\Users\\vitor.delfino\\Workspace\\InvestmentMonitorBackend\\src\\app\\commons\\services\\service.bot-events.ts": {"path":"C:\\Users\\vitor.delfino\\Workspace\\InvestmentMonitorBackend\\src\\app\\commons\\services\\service.bot-events.ts","statementMap":{"0":{"start":{"line":1,"column":0},"end":{"line":1,"column":79}},"1":{"start":{"line":2,"column":0},"end":{"line":2,"column":57}},"2":{"start":{"line":3,"column":0},"end":{"line":3,"column":63}},"3":{"start":{"line":4,"column":0},"end":{"line":4,"column":64}},"4":{"start":{"line":6,"column":15},"end":{"line":6,"column":37}},"5":{"start":{"line":7,"column":0},"end":{"line":7,"column":13}},"6":{"start":{"line":9,"column":11},"end":{"line":19,"column":null}},"7":{"start":{"line":9,"column":52},"end":{"line":19,"column":null}},"8":{"start":{"line":11,"column":18},"end":{"line":11,"column":93}},"9":{"start":{"line":12,"column":12},"end":{"line":12,"column":63}},"10":{"start":{"line":13,"column":29},"end":{"line":13,"column":null}},"11":{"start":{"line":13,"column":18},"end":{"line":13,"column":null}},"12":{"start":{"line":14,"column":12},"end":{"line":14,"column":63}},"13":{"start":{"line":16,"column":12},"end":{"line":16,"column":45}},"14":{"start":{"line":17,"column":12},"end":{"line":17,"column":95}},"15":{"start":{"line":21,"column":0},"end":{"line":21,"column":null}},"16":{"start":{"line":7,"column":13},"end":{"line":7,"column":29}}},"fnMap":{"0":{"name":"(anonymous_13)","decl":{"start":{"line":7,"column":0},"end":{"line":7,"column":13}},"loc":{"start":{"line":7,"column":0},"end":{"line":7,"column":13}}},"1":{"name":"(anonymous_15)","decl":{"start":{"line":9,"column":22},"end":{"line":9,"column":30}},"loc":{"start":{"line":9,"column":52},"end":{"line":19,"column":null}}},"2":{"name":"(anonymous_16)","decl":{"start":{"line":9,"column":52},"end":{"line":9,"column":null}},"loc":{"start":{"line":9,"column":52},"end":{"line":19,"column":null}}}},"branchMap":{},"s":{"0":2,"1":1,"2":1,"3":1,"4":1,"5":1,"6":1,"7":2,"8":2,"9":2,"10":2,"11":2,"12":1,"13":1,"14":1,"15":1,"16":1},"f":{"0":1,"1":2,"2":2},"b":{}}
,"C:\\Users\\vitor.delfino\\Workspace\\InvestmentMonitorBackend\\src\\app\\commons\\services\\service.exchange.ts": {"path":"C:\\Users\\vitor.delfino\\Workspace\\InvestmentMonitorBackend\\src\\app\\commons\\services\\service.exchange.ts","statementMap":{"0":{"start":{"line":1,"column":0},"end":{"line":1,"column":69}},"1":{"start":{"line":2,"column":0},"end":{"line":2,"column":58}},"2":{"start":{"line":3,"column":0},"end":{"line":3,"column":41}},"3":{"start":{"line":4,"column":0},"end":{"line":4,"column":80}},"4":{"start":{"line":5,"column":0},"end":{"line":5,"column":79}},"5":{"start":{"line":6,"column":0},"end":{"line":6,"column":13}},"6":{"start":{"line":8,"column":17},"end":{"line":20,"column":null}},"7":{"start":{"line":10,"column":18},"end":{"line":10,"column":55}},"8":{"start":{"line":11,"column":18},"end":{"line":11,"column":38}},"9":{"start":{"line":11,"column":38},"end":{"line":11,"column":60}},"10":{"start":{"line":11,"column":12},"end":{"line":11,"column":61}},"11":{"start":{"line":13,"column":25},"end":{"line":13,"column":null}},"12":{"start":{"line":13,"column":18},"end":{"line":13,"column":null}},"13":{"start":{"line":14,"column":12},"end":{"line":14,"column":null}},"14":{"start":{"line":16,"column":12},"end":{"line":17,"column":26}},"15":{"start":{"line":17,"column":16},"end":{"line":17,"column":26}},"16":{"start":{"line":18,"column":12},"end":{"line":18,"column":null}},"17":{"start":{"line":22,"column":17},"end":{"line":29,"column":null}},"18":{"start":{"line":24,"column":29},"end":{"line":24,"column":null}},"19":{"start":{"line":24,"column":18},"end":{"line":24,"column":null}},"20":{"start":{"line":25,"column":12},"end":{"line":25,"column":null}},"21":{"start":{"line":27,"column":12},"end":{"line":27,"column":null}},"22":{"start":{"line":31,"column":17},"end":{"line":38,"column":null}},"23":{"start":{"line":33,"column":29},"end":{"line":33,"column":null}},"24":{"start":{"line":33,"column":18},"end":{"line":33,"column":null}},"25":{"start":{"line":34,"column":12},"end":{"line":34,"column":63}},"26":{"start":{"line":36,"column":12},"end":{"line":36,"column":76}},"27":{"start":{"line":40,"column":17},"end":{"line":51,"column":null}},"28":{"start":{"line":42,"column":18},"end":{"line":42,"column":55}},"29":{"start":{"line":43,"column":18},"end":{"line":43,"column":38}},"30":{"start":{"line":43,"column":38},"end":{"line":43,"column":60}},"31":{"start":{"line":43,"column":12},"end":{"line":43,"column":null}},"32":{"start":{"line":44,"column":29},"end":{"line":44,"column":null}},"33":{"start":{"line":44,"column":18},"end":{"line":44,"column":null}},"34":{"start":{"line":45,"column":12},"end":{"line":45,"column":null}},"35":{"start":{"line":47,"column":12},"end":{"line":48,"column":26}},"36":{"start":{"line":48,"column":16},"end":{"line":48,"column":26}},"37":{"start":{"line":49,"column":12},"end":{"line":49,"column":null}},"38":{"start":{"line":53,"column":17},"end":{"line":62,"column":6}},"39":{"start":{"line":56,"column":12},"end":{"line":56,"column":59}},"40":{"start":{"line":57,"column":12},"end":{"line":57,"column":null}},"41":{"start":{"line":59,"column":12},"end":{"line":59,"column":null}},"42":{"start":{"line":63,"column":0},"end":{"line":63,"column":null}},"43":{"start":{"line":6,"column":13},"end":{"line":6,"column":28}}},"fnMap":{"0":{"name":"(anonymous_12)","decl":{"start":{"line":6,"column":0},"end":{"line":6,"column":13}},"loc":{"start":{"line":6,"column":0},"end":{"line":63,"column":null}}},"1":{"name":"(anonymous_14)","decl":{"start":{"line":8,"column":4},"end":{"line":8,"column":17}},"loc":{"start":{"line":8,"column":50},"end":{"line":20,"column":null}}},"2":{"name":"(anonymous_17)","decl":{"start":{"line":22,"column":4},"end":{"line":22,"column":17}},"loc":{"start":{"line":22,"column":4},"end":{"line":29,"column":null}}},"3":{"name":"(anonymous_20)","decl":{"start":{"line":31,"column":4},"end":{"line":31,"column":17}},"loc":{"start":{"line":31,"column":43},"end":{"line":38,"column":null}}},"4":{"name":"(anonymous_23)","decl":{"start":{"line":40,"column":4},"end":{"line":40,"column":17}},"loc":{"start":{"line":40,"column":63},"end":{"line":51,"column":null}}},"5":{"name":"(anonymous_26)","decl":{"start":{"line":53,"column":4},"end":{"line":53,"column":17}},"loc":{"start":{"line":53,"column":43},"end":{"line":62,"column":6}}}},"branchMap":{"0":{"loc":{"start":{"line":11,"column":12},"end":{"line":11,"column":61}},"type":"switch","locations":[{"start":{"line":11,"column":12},"end":{"line":11,"column":61}}]},"1":{"loc":{"start":{"line":16,"column":12},"end":{"line":17,"column":26}},"type":"if","locations":[{"start":{"line":16,"column":12},"end":{"line":17,"column":26}},{"start":{"line":16,"column":12},"end":{"line":17,"column":26}}]},"2":{"loc":{"start":{"line":43,"column":12},"end":{"line":43,"column":null}},"type":"switch","locations":[{"start":{"line":43,"column":12},"end":{"line":43,"column":null}}]},"3":{"loc":{"start":{"line":47,"column":12},"end":{"line":48,"column":26}},"type":"if","locations":[{"start":{"line":47,"column":12},"end":{"line":48,"column":26}},{"start":{"line":47,"column":12},"end":{"line":48,"column":26}}]}},"s":{"0":1,"1":1,"2":1,"3":1,"4":1,"5":1,"6":1,"7":3,"8":3,"9":3,"10":6,"11":2,"12":2,"13":2,"14":1,"15":1,"16":0,"17":1,"18":2,"19":1,"20":1,"21":1,"22":1,"23":1,"24":1,"25":1,"26":0,"27":1,"28":3,"29":3,"30":3,"31":6,"32":2,"33":2,"34":1,"35":2,"36":1,"37":1,"38":1,"39":4,"40":1,"41":1,"42":1,"43":1},"f":{"0":1,"1":3,"2":2,"3":1,"4":3,"5":2},"b":{"0":[3],"1":[1,0],"2":[3],"3":[1,1]}}
,"C:\\Users\\vitor.delfino\\Workspace\\InvestmentMonitorBackend\\src\\app\\commons\\services\\service.group.ts": {"path":"C:\\Users\\vitor.delfino\\Workspace\\InvestmentMonitorBackend\\src\\app\\commons\\services\\service.group.ts","statementMap":{"0":{"start":{"line":1,"column":0},"end":{"line":1,"column":57}},"1":{"start":{"line":2,"column":0},"end":{"line":2,"column":58}},"2":{"start":{"line":3,"column":0},"end":{"line":3,"column":41}},"3":{"start":{"line":4,"column":0},"end":{"line":4,"column":80}},"4":{"start":{"line":5,"column":0},"end":{"line":5,"column":79}},"5":{"start":{"line":7,"column":0},"end":{"line":7,"column":13}},"6":{"start":{"line":9,"column":17},"end":{"line":21,"column":null}},"7":{"start":{"line":11,"column":18},"end":{"line":11,"column":49}},"8":{"start":{"line":12,"column":18},"end":{"line":12,"column":38}},"9":{"start":{"line":12,"column":38},"end":{"line":12,"column":60}},"10":{"start":{"line":12,"column":12},"end":{"line":12,"column":61}},"11":{"start":{"line":14,"column":25},"end":{"line":14,"column":null}},"12":{"start":{"line":14,"column":18},"end":{"line":14,"column":null}},"13":{"start":{"line":15,"column":12},"end":{"line":15,"column":null}},"14":{"start":{"line":17,"column":12},"end":{"line":18,"column":26}},"15":{"start":{"line":18,"column":16},"end":{"line":18,"column":26}},"16":{"start":{"line":19,"column":12},"end":{"line":19,"column":null}},"17":{"start":{"line":23,"column":17},"end":{"line":30,"column":null}},"18":{"start":{"line":25,"column":26},"end":{"line":25,"column":null}},"19":{"start":{"line":25,"column":18},"end":{"line":25,"column":null}},"20":{"start":{"line":26,"column":12},"end":{"line":26,"column":56}},"21":{"start":{"line":28,"column":12},"end":{"line":28,"column":null}},"22":{"start":{"line":32,"column":17},"end":{"line":39,"column":null}},"23":{"start":{"line":34,"column":26},"end":{"line":34,"column":null}},"24":{"start":{"line":34,"column":18},"end":{"line":34,"column":null}},"25":{"start":{"line":35,"column":12},"end":{"line":35,"column":60}},"26":{"start":{"line":37,"column":12},"end":{"line":37,"column":73}},"27":{"start":{"line":41,"column":17},"end":{"line":52,"column":null}},"28":{"start":{"line":43,"column":18},"end":{"line":43,"column":49}},"29":{"start":{"line":44,"column":18},"end":{"line":44,"column":38}},"30":{"start":{"line":44,"column":38},"end":{"line":44,"column":60}},"31":{"start":{"line":44,"column":12},"end":{"line":44,"column":61}},"32":{"start":{"line":45,"column":29},"end":{"line":45,"column":null}},"33":{"start":{"line":45,"column":18},"end":{"line":45,"column":null}},"34":{"start":{"line":46,"column":12},"end":{"line":46,"column":58}},"35":{"start":{"line":48,"column":12},"end":{"line":49,"column":26}},"36":{"start":{"line":49,"column":16},"end":{"line":49,"column":26}},"37":{"start":{"line":50,"column":12},"end":{"line":50,"column":null}},"38":{"start":{"line":54,"column":17},"end":{"line":61,"column":6}},"39":{"start":{"line":56,"column":12},"end":{"line":56,"column":56}},"40":{"start":{"line":57,"column":12},"end":{"line":57,"column":69}},"41":{"start":{"line":59,"column":12},"end":{"line":59,"column":76}},"42":{"start":{"line":62,"column":0},"end":{"line":62,"column":null}},"43":{"start":{"line":7,"column":13},"end":{"line":7,"column":25}}},"fnMap":{"0":{"name":"(anonymous_12)","decl":{"start":{"line":7,"column":0},"end":{"line":7,"column":13}},"loc":{"start":{"line":7,"column":0},"end":{"line":62,"column":null}}},"1":{"name":"(anonymous_14)","decl":{"start":{"line":9,"column":4},"end":{"line":9,"column":17}},"loc":{"start":{"line":9,"column":41},"end":{"line":21,"column":null}}},"2":{"name":"(anonymous_17)","decl":{"start":{"line":23,"column":4},"end":{"line":23,"column":17}},"loc":{"start":{"line":23,"column":4},"end":{"line":30,"column":null}}},"3":{"name":"(anonymous_20)","decl":{"start":{"line":32,"column":4},"end":{"line":32,"column":17}},"loc":{"start":{"line":32,"column":40},"end":{"line":39,"column":null}}},"4":{"name":"(anonymous_23)","decl":{"start":{"line":41,"column":4},"end":{"line":41,"column":17}},"loc":{"start":{"line":41,"column":54},"end":{"line":52,"column":null}}},"5":{"name":"(anonymous_26)","decl":{"start":{"line":54,"column":4},"end":{"line":54,"column":17}},"loc":{"start":{"line":54,"column":40},"end":{"line":61,"column":6}}}},"branchMap":{"0":{"loc":{"start":{"line":12,"column":12},"end":{"line":12,"column":61}},"type":"switch","locations":[{"start":{"line":12,"column":12},"end":{"line":12,"column":61}}]},"1":{"loc":{"start":{"line":17,"column":12},"end":{"line":18,"column":26}},"type":"if","locations":[{"start":{"line":17,"column":12},"end":{"line":18,"column":26}},{"start":{"line":17,"column":12},"end":{"line":18,"column":26}}]},"2":{"loc":{"start":{"line":44,"column":12},"end":{"line":44,"column":61}},"type":"switch","locations":[{"start":{"line":44,"column":12},"end":{"line":44,"column":61}}]},"3":{"loc":{"start":{"line":48,"column":12},"end":{"line":49,"column":26}},"type":"if","locations":[{"start":{"line":48,"column":12},"end":{"line":49,"column":26}},{"start":{"line":48,"column":12},"end":{"line":49,"column":26}}]}},"s":{"0":1,"1":1,"2":1,"3":1,"4":1,"5":1,"6":1,"7":3,"8":3,"9":3,"10":6,"11":2,"12":2,"13":2,"14":1,"15":1,"16":0,"17":1,"18":2,"19":1,"20":1,"21":1,"22":1,"23":1,"24":1,"25":1,"26":0,"27":1,"28":3,"29":3,"30":3,"31":6,"32":2,"33":2,"34":1,"35":2,"36":1,"37":1,"38":1,"39":4,"40":1,"41":1,"42":1,"43":1},"f":{"0":1,"1":3,"2":2,"3":1,"4":3,"5":2},"b":{"0":[3],"1":[1,0],"2":[3],"3":[1,1]}}
,"C:\\Users\\vitor.delfino\\Workspace\\InvestmentMonitorBackend\\src\\app\\commons\\services\\service.instance.ts": {"path":"C:\\Users\\vitor.delfino\\Workspace\\InvestmentMonitorBackend\\src\\app\\commons\\services\\service.instance.ts","statementMap":{"0":{"start":{"line":11,"column":0},"end":{"line":11,"column":79}},"1":{"start":{"line":12,"column":0},"end":{"line":12,"column":99}},"2":{"start":{"line":13,"column":0},"end":{"line":13,"column":66}},"3":{"start":{"line":14,"column":0},"end":{"line":14,"column":31}},"4":{"start":{"line":15,"column":0},"end":{"line":15,"column":67}},"5":{"start":{"line":16,"column":0},"end":{"line":16,"column":34}},"6":{"start":{"line":17,"column":0},"end":{"line":17,"column":54}},"7":{"start":{"line":18,"column":0},"end":{"line":18,"column":66}},"8":{"start":{"line":20,"column":0},"end":{"line":20,"column":65}},"9":{"start":{"line":21,"column":0},"end":{"line":21,"column":65}},"10":{"start":{"line":23,"column":0},"end":{"line":23,"column":69}},"11":{"start":{"line":24,"column":0},"end":{"line":24,"column":79}},"12":{"start":{"line":27,"column":0},"end":{"line":27,"column":57}},"13":{"start":{"line":33,"column":22},"end":{"line":33,"column":49}},"14":{"start":{"line":34,"column":15},"end":{"line":34,"column":37}},"15":{"start":{"line":36,"column":0},"end":{"line":36,"column":13}},"16":{"start":{"line":37,"column":4},"end":{"line":37,"column":null}},"17":{"start":{"line":41,"column":11},"end":{"line":59,"column":null}},"18":{"start":{"line":41,"column":48},"end":{"line":59,"column":null}},"19":{"start":{"line":44,"column":18},"end":{"line":44,"column":48}},"20":{"start":{"line":45,"column":30},"end":{"line":45,"column":null}},"21":{"start":{"line":45,"column":18},"end":{"line":45,"column":null}},"22":{"start":{"line":46,"column":29},"end":{"line":52,"column":23}},"23":{"start":{"line":46,"column":76},"end":{"line":52,"column":14}},"24":{"start":{"line":47,"column":20},"end":{"line":47,"column":28}},"25":{"start":{"line":48,"column":37},"end":{"line":48,"column":180}},"26":{"start":{"line":48,"column":26},"end":{"line":48,"column":null}},"27":{"start":{"line":49,"column":20},"end":{"line":49,"column":54}},"28":{"start":{"line":51,"column":16},"end":{"line":51,"column":null}},"29":{"start":{"line":46,"column":18},"end":{"line":52,"column":null}},"30":{"start":{"line":53,"column":12},"end":{"line":53,"column":70}},"31":{"start":{"line":55,"column":12},"end":{"line":55,"column":104}},"32":{"start":{"line":85,"column":11},"end":{"line":158,"column":null}},"33":{"start":{"line":85,"column":88},"end":{"line":158,"column":null}},"34":{"start":{"line":88,"column":18},"end":{"line":88,"column":76}},"35":{"start":{"line":89,"column":12},"end":{"line":90,"column":41}},"36":{"start":{"line":90,"column":16},"end":{"line":90,"column":41}},"37":{"start":{"line":92,"column":29},"end":{"line":92,"column":null}},"38":{"start":{"line":92,"column":18},"end":{"line":92,"column":null}},"39":{"start":{"line":93,"column":12},"end":{"line":95,"column":null}},"40":{"start":{"line":94,"column":16},"end":{"line":94,"column":161}},"41":{"start":{"line":96,"column":38},"end":{"line":96,"column":92}},"42":{"start":{"line":96,"column":18},"end":{"line":96,"column":null}},"43":{"start":{"line":98,"column":16},"end":{"line":98,"column":32}},"44":{"start":{"line":99,"column":20},"end":{"line":99,"column":36}},"45":{"start":{"line":102,"column":20},"end":{"line":109,"column":null}},"46":{"start":{"line":103,"column":47},"end":{"line":103,"column":106}},"47":{"start":{"line":104,"column":24},"end":{"line":108,"column":null}},"48":{"start":{"line":111,"column":38},"end":{"line":111,"column":130}},"49":{"start":{"line":111,"column":26},"end":{"line":111,"column":null}},"50":{"start":{"line":112,"column":20},"end":{"line":112,"column":115}},"51":{"start":{"line":113,"column":20},"end":{"line":116,"column":22}},"52":{"start":{"line":118,"column":20},"end":{"line":125,"column":null}},"53":{"start":{"line":129,"column":16},"end":{"line":143,"column":null}},"54":{"start":{"line":130,"column":26},"end":{"line":140,"column":22}},"55":{"start":{"line":131,"column":107},"end":{"line":136,"column":27}},"56":{"start":{"line":141,"column":20},"end":{"line":141,"column":53}},"57":{"start":{"line":146,"column":22},"end":{"line":146,"column":124}},"58":{"start":{"line":147,"column":16},"end":{"line":147,"column":51}},"59":{"start":{"line":149,"column":16},"end":{"line":149,"column":102}},"60":{"start":{"line":151,"column":16},"end":{"line":151,"column":97}},"61":{"start":{"line":153,"column":16},"end":{"line":153,"column":110}},"62":{"start":{"line":156,"column":12},"end":{"line":156,"column":104}},"63":{"start":{"line":160,"column":12},"end":{"line":174,"column":null}},"64":{"start":{"line":161,"column":47},"end":{"line":166,"column":10}},"65":{"start":{"line":168,"column":8},"end":{"line":168,"column":null}},"66":{"start":{"line":170,"column":8},"end":{"line":173,"column":10}},"67":{"start":{"line":176,"column":11},"end":{"line":192,"column":null}},"68":{"start":{"line":176,"column":78},"end":{"line":192,"column":null}},"69":{"start":{"line":178,"column":29},"end":{"line":178,"column":109}},"70":{"start":{"line":178,"column":18},"end":{"line":178,"column":null}},"71":{"start":{"line":179,"column":12},"end":{"line":181,"column":null}},"72":{"start":{"line":180,"column":16},"end":{"line":180,"column":112}},"73":{"start":{"line":182,"column":12},"end":{"line":188,"column":null}},"74":{"start":{"line":183,"column":22},"end":{"line":183,"column":136}},"75":{"start":{"line":184,"column":16},"end":{"line":184,"column":51}},"76":{"start":{"line":185,"column":16},"end":{"line":185,"column":95}},"77":{"start":{"line":187,"column":16},"end":{"line":187,"column":108}},"78":{"start":{"line":190,"column":12},"end":{"line":190,"column":88}},"79":{"start":{"line":194,"column":11},"end":{"line":204,"column":6}},"80":{"start":{"line":194,"column":35},"end":{"line":204,"column":6}},"81":{"start":{"line":196,"column":30},"end":{"line":196,"column":80}},"82":{"start":{"line":196,"column":18},"end":{"line":196,"column":null}},"83":{"start":{"line":197,"column":12},"end":{"line":199,"column":15}},"84":{"start":{"line":198,"column":16},"end":{"line":198,"column":null}},"85":{"start":{"line":200,"column":12},"end":{"line":200,"column":90}},"86":{"start":{"line":202,"column":12},"end":{"line":202,"column":null}},"87":{"start":{"line":206,"column":12},"end":{"line":219,"column":6}},"88":{"start":{"line":207,"column":45},"end":{"line":212,"column":10}},"89":{"start":{"line":213,"column":8},"end":{"line":218,"column":10}},"90":{"start":{"line":221,"column":11},"end":{"line":235,"column":6}},"91":{"start":{"line":222,"column":21},"end":{"line":229,"column":22}},"92":{"start":{"line":230,"column":8},"end":{"line":231,"column":31}},"93":{"start":{"line":231,"column":12},"end":{"line":231,"column":31}},"94":{"start":{"line":232,"column":8},"end":{"line":234,"column":39}},"95":{"start":{"line":237,"column":11},"end":{"line":254,"column":6}},"96":{"start":{"line":237,"column":55},"end":{"line":254,"column":6}},"97":{"start":{"line":239,"column":18},"end":{"line":244,"column":14}},"98":{"start":{"line":245,"column":18},"end":{"line":248,"column":14}},"99":{"start":{"line":249,"column":12},"end":{"line":249,"column":53}},"100":{"start":{"line":250,"column":12},"end":{"line":250,"column":93}},"101":{"start":{"line":252,"column":12},"end":{"line":252,"column":99}},"102":{"start":{"line":256,"column":11},"end":{"line":278,"column":6}},"103":{"start":{"line":256,"column":36},"end":{"line":278,"column":6}},"104":{"start":{"line":257,"column":26},"end":{"line":257,"column":null}},"105":{"start":{"line":257,"column":14},"end":{"line":257,"column":null}},"106":{"start":{"line":258,"column":8},"end":{"line":277,"column":null}},"107":{"start":{"line":259,"column":12},"end":{"line":276,"column":null}},"108":{"start":{"line":261,"column":28},"end":{"line":261,"column":36}},"109":{"start":{"line":262,"column":34},"end":{"line":262,"column":60}},"110":{"start":{"line":263,"column":33},"end":{"line":263,"column":69}},"111":{"start":{"line":265,"column":16},"end":{"line":275,"column":null}},"112":{"start":{"line":266,"column":20},"end":{"line":266,"column":115}},"113":{"start":{"line":267,"column":20},"end":{"line":267,"column":null}},"114":{"start":{"line":268,"column":20},"end":{"line":274,"column":null}},"115":{"start":{"line":270,"column":28},"end":{"line":270,"column":101}},"116":{"start":{"line":271,"column":43},"end":{"line":271,"column":65}},"117":{"start":{"line":273,"column":28},"end":{"line":273,"column":null}},"118":{"start":{"line":279,"column":0},"end":{"line":279,"column":null}},"119":{"start":{"line":36,"column":13},"end":{"line":36,"column":28}}},"fnMap":{"0":{"name":"(anonymous_13)","decl":{"start":{"line":36,"column":0},"end":{"line":36,"column":13}},"loc":{"start":{"line":36,"column":0},"end":{"line":279,"column":null}}},"1":{"name":"ServiceInstance","decl":{"start":{"line":37,"column":4},"end":{"line":37,"column":null}},"loc":{"start":{"line":37,"column":4},"end":{"line":39,"column":5}}},"2":{"name":"(anonymous_15)","decl":{"start":{"line":41,"column":26},"end":{"line":41,"column":33}},"loc":{"start":{"line":41,"column":48},"end":{"line":59,"column":null}}},"3":{"name":"(anonymous_16)","decl":{"start":{"line":41,"column":48},"end":{"line":41,"column":null}},"loc":{"start":{"line":41,"column":48},"end":{"line":59,"column":null}}},"4":{"name":"(anonymous_18)","decl":{"start":{"line":46,"column":62},"end":{"line":46,"column":68}},"loc":{"start":{"line":46,"column":76},"end":{"line":52,"column":14}}},"5":{"name":"(anonymous_19)","decl":{"start":{"line":46,"column":76},"end":{"line":46,"column":null}},"loc":{"start":{"line":46,"column":76},"end":{"line":52,"column":14}}},"6":{"name":"(anonymous_21)","decl":{"start":{"line":85,"column":37},"end":{"line":85,"column":44}},"loc":{"start":{"line":85,"column":88},"end":{"line":158,"column":null}}},"7":{"name":"(anonymous_22)","decl":{"start":{"line":85,"column":88},"end":{"line":85,"column":null}},"loc":{"start":{"line":85,"column":88},"end":{"line":158,"column":null}}},"8":{"name":"(anonymous_24)","decl":{"start":{"line":131,"column":99},"end":{"line":131,"column":103}},"loc":{"start":{"line":131,"column":103},"end":{"line":131,"column":108}}},"9":{"name":"(anonymous_25)","decl":{"start":{"line":160,"column":38},"end":{"line":160,"column":39}},"loc":{"start":{"line":160,"column":105},"end":{"line":174,"column":5}}},"10":{"name":"(anonymous_26)","decl":{"start":{"line":176,"column":35},"end":{"line":176,"column":42}},"loc":{"start":{"line":176,"column":78},"end":{"line":192,"column":null}}},"11":{"name":"(anonymous_27)","decl":{"start":{"line":176,"column":78},"end":{"line":176,"column":null}},"loc":{"start":{"line":176,"column":78},"end":{"line":192,"column":null}}},"12":{"name":"(anonymous_29)","decl":{"start":{"line":194,"column":35},"end":{"line":194,"column":null}},"loc":{"start":{"line":194,"column":35},"end":{"line":204,"column":6}}},"13":{"name":"(anonymous_32)","decl":{"start":{"line":197,"column":30},"end":{"line":197,"column":38}},"loc":{"start":{"line":197,"column":38},"end":{"line":199,"column":13}}},"14":{"name":"(anonymous_33)","decl":{"start":{"line":206,"column":36},"end":{"line":206,"column":37}},"loc":{"start":{"line":206,"column":91},"end":{"line":219,"column":5}}},"15":{"name":"(anonymous_34)","decl":{"start":{"line":221,"column":28},"end":{"line":221,"column":29}},"loc":{"start":{"line":221,"column":47},"end":{"line":235,"column":5}}},"16":{"name":"(anonymous_35)","decl":{"start":{"line":237,"column":30},"end":{"line":237,"column":37}},"loc":{"start":{"line":237,"column":55},"end":{"line":254,"column":6}}},"17":{"name":"(anonymous_36)","decl":{"start":{"line":237,"column":55},"end":{"line":237,"column":null}},"loc":{"start":{"line":237,"column":55},"end":{"line":254,"column":6}}},"18":{"name":"(anonymous_38)","decl":{"start":{"line":256,"column":36},"end":{"line":256,"column":null}},"loc":{"start":{"line":256,"column":36},"end":{"line":278,"column":6}}},"19":{"name":"(anonymous_41)","decl":{"start":{"line":258,"column":26},"end":{"line":258,"column":34}},"loc":{"start":{"line":258,"column":34},"end":{"line":277,"column":9}}},"20":{"name":"(anonymous_42)","decl":{"start":{"line":269,"column":30},"end":{"line":269,"column":44}},"loc":{"start":{"line":269,"column":44},"end":{"line":274,"column":25}}}},"branchMap":{"0":{"loc":{"start":{"line":51,"column":16},"end":{"line":51,"column":null}},"type":"switch","locations":[{"start":{"line":51,"column":16},"end":{"line":51,"column":null}}]},"1":{"loc":{"start":{"line":47,"column":20},"end":{"line":47,"column":28}},"type":"if","locations":[{"start":{"line":47,"column":20},"end":{"line":47,"column":28}},{"start":{"line":47,"column":20},"end":{"line":47,"column":28}}]},"2":{"loc":{"start":{"line":153,"column":16},"end":{"line":153,"column":110}},"type":"switch","locations":[{"start":{"line":153,"column":16},"end":{"line":153,"column":110}}]},"3":{"loc":{"start":{"line":89,"column":12},"end":{"line":90,"column":41}},"type":"if","locations":[{"start":{"line":89,"column":12},"end":{"line":90,"column":41}},{"start":{"line":89,"column":12},"end":{"line":90,"column":41}}]},"4":{"loc":{"start":{"line":93,"column":12},"end":{"line":95,"column":null}},"type":"if","locations":[{"start":{"line":93,"column":12},"end":{"line":95,"column":null}},{"start":{"line":93,"column":12},"end":{"line":95,"column":null}}]},"5":{"loc":{"start":{"line":98,"column":16},"end":{"line":98,"column":32}},"type":"if","locations":[{"start":{"line":98,"column":16},"end":{"line":98,"column":32}},{"start":{"line":98,"column":16},"end":{"line":98,"column":32}}]},"6":{"loc":{"start":{"line":99,"column":20},"end":{"line":99,"column":36}},"type":"if","locations":[{"start":{"line":99,"column":20},"end":{"line":99,"column":36}},{"start":{"line":99,"column":20},"end":{"line":99,"column":36}}]},"7":{"loc":{"start":{"line":102,"column":20},"end":{"line":109,"column":null}},"type":"if","locations":[{"start":{"line":102,"column":20},"end":{"line":109,"column":null}},{"start":{"line":102,"column":20},"end":{"line":109,"column":null}}]},"8":{"loc":{"start":{"line":102,"column":24},"end":{"line":102,"column":58}},"type":"binary-expr","locations":[{"start":{"line":102,"column":24},"end":{"line":102,"column":58}},{"start":{"line":102,"column":62},"end":{"line":102,"column":96}}]},"9":{"loc":{"start":{"line":112,"column":71},"end":{"line":112,"column":109}},"type":"cond-expr","locations":[{"start":{"line":112,"column":71},"end":{"line":112,"column":109}},{"start":{"line":112,"column":112},"end":{"line":112,"column":114}}]},"10":{"loc":{"start":{"line":129,"column":16},"end":{"line":143,"column":null}},"type":"if","locations":[{"start":{"line":129,"column":16},"end":{"line":143,"column":null}},{"start":{"line":129,"column":16},"end":{"line":143,"column":null}}]},"11":{"loc":{"start":{"line":179,"column":12},"end":{"line":181,"column":null}},"type":"if","locations":[{"start":{"line":179,"column":12},"end":{"line":181,"column":null}},{"start":{"line":179,"column":12},"end":{"line":181,"column":null}}]},"12":{"loc":{"start":{"line":179,"column":16},"end":{"line":179,"column":45}},"type":"binary-expr","locations":[{"start":{"line":179,"column":16},"end":{"line":179,"column":45}},{"start":{"line":179,"column":49},"end":{"line":179,"column":78}}]},"13":{"loc":{"start":{"line":182,"column":12},"end":{"line":188,"column":null}},"type":"if","locations":[{"start":{"line":182,"column":12},"end":{"line":188,"column":null}},{"start":{"line":182,"column":12},"end":{"line":188,"column":null}}]},"14":{"loc":{"start":{"line":182,"column":16},"end":{"line":182,"column":24}},"type":"binary-expr","locations":[{"start":{"line":182,"column":16},"end":{"line":182,"column":24}},{"start":{"line":182,"column":28},"end":{"line":182,"column":47}}]},"15":{"loc":{"start":{"line":230,"column":8},"end":{"line":231,"column":31}},"type":"if","locations":[{"start":{"line":230,"column":8},"end":{"line":231,"column":31}},{"start":{"line":230,"column":8},"end":{"line":231,"column":31}}]},"16":{"loc":{"start":{"line":257,"column":26},"end":{"line":257,"column":null}},"type":"switch","locations":[{"start":{"line":257,"column":26},"end":{"line":257,"column":null}}]},"17":{"loc":{"start":{"line":259,"column":12},"end":{"line":276,"column":null}},"type":"if","locations":[{"start":{"line":259,"column":12},"end":{"line":276,"column":null}},{"start":{"line":259,"column":12},"end":{"line":276,"column":null}}]},"18":{"loc":{"start":{"line":265,"column":16},"end":{"line":275,"column":null}},"type":"if","locations":[{"start":{"line":265,"column":16},"end":{"line":275,"column":null}},{"start":{"line":265,"column":16},"end":{"line":275,"column":null}}]},"19":{"loc":{"start":{"line":265,"column":20},"end":{"line":265,"column":42}},"type":"binary-expr","locations":[{"start":{"line":265,"column":20},"end":{"line":265,"column":42}},{"start":{"line":265,"column":46},"end":{"line":265,"column":70}}]}},"s":{"0":1,"1":1,"2":1,"3":1,"4":1,"5":1,"6":1,"7":1,"8":1,"9":1,"10":1,"11":1,"12":1,"13":1,"14":1,"15":1,"16":2,"17":2,"18":2,"19":2,"20":2,"21":2,"22":1,"23":2,"24":4,"25":0,"26":0,"27":0,"28":2,"29":1,"30":1,"31":1,"32":2,"33":0,"34":0,"35":0,"36":0,"37":0,"38":0,"39":0,"40":0,"41":0,"42":0,"43":0,"44":0,"45":0,"46":0,"47":0,"48":0,"49":0,"50":0,"51":0,"52":0,"53":0,"54":0,"55":0,"56":0,"57":0,"58":0,"59":0,"60":0,"61":0,"62":0,"63":2,"64":0,"65":0,"66":0,"67":2,"68":0,"69":0,"70":0,"71":0,"72":0,"73":0,"74":0,"75":0,"76":0,"77":0,"78":0,"79":2,"80":0,"81":0,"82":0,"83":0,"84":0,"85":0,"86":0,"87":2,"88":0,"89":0,"90":2,"91":0,"92":0,"93":0,"94":0,"95":2,"96":0,"97":0,"98":0,"99":0,"100":0,"101":0,"102":2,"103":0,"104":0,"105":0,"106":0,"107":0,"108":0,"109":0,"110":0,"111":0,"112":0,"113":0,"114":0,"115":0,"116":0,"117":0,"118":1,"119":1},"f":{"0":1,"1":2,"2":2,"3":2,"4":2,"5":2,"6":0,"7":0,"8":0,"9":0,"10":0,"11":0,"12":0,"13":0,"14":0,"15":0,"16":0,"17":0,"18":0,"19":0,"20":0},"b":{"0":[2],"1":[2,0],"2":[0],"3":[0,0],"4":[0,0],"5":[0,0],"6":[0,0],"7":[0,0],"8":[0,0],"9":[0,0],"10":[0,0],"11":[0,0],"12":[0,0],"13":[0,0],"14":[0,0],"15":[0,0],"16":[0],"17":[0,0],"18":[0,0],"19":[0,0]}}
,"C:\\Users\\vitor.delfino\\Workspace\\InvestmentMonitorBackend\\src\\app\\commons\\services\\service.topic.ts": {"path":"C:\\Users\\vitor.delfino\\Workspace\\InvestmentMonitorBackend\\src\\app\\commons\\services\\service.topic.ts","statementMap":{"0":{"start":{"line":1,"column":0},"end":{"line":1,"column":79}},"1":{"start":{"line":2,"column":0},"end":{"line":2,"column":57}},"2":{"start":{"line":3,"column":0},"end":{"line":3,"column":58}},"3":{"start":{"line":4,"column":0},"end":{"line":4,"column":80}},"4":{"start":{"line":5,"column":0},"end":{"line":5,"column":41}},"5":{"start":{"line":7,"column":0},"end":{"line":7,"column":13}},"6":{"start":{"line":9,"column":17},"end":{"line":18,"column":null}},"7":{"start":{"line":11,"column":25},"end":{"line":11,"column":null}},"8":{"start":{"line":11,"column":18},"end":{"line":11,"column":null}},"9":{"start":{"line":12,"column":12},"end":{"line":12,"column":63}},"10":{"start":{"line":14,"column":12},"end":{"line":15,"column":24}},"11":{"start":{"line":15,"column":16},"end":{"line":15,"column":24}},"12":{"start":{"line":16,"column":12},"end":{"line":16,"column":null}},"13":{"start":{"line":20,"column":17},"end":{"line":29,"column":null}},"14":{"start":{"line":22,"column":26},"end":{"line":22,"column":null}},"15":{"start":{"line":22,"column":18},"end":{"line":22,"column":null}},"16":{"start":{"line":23,"column":12},"end":{"line":23,"column":62}},"17":{"start":{"line":25,"column":12},"end":{"line":26,"column":24}},"18":{"start":{"line":26,"column":16},"end":{"line":26,"column":24}},"19":{"start":{"line":27,"column":12},"end":{"line":27,"column":null}},"20":{"start":{"line":31,"column":17},"end":{"line":46,"column":null}},"21":{"start":{"line":33,"column":18},"end":{"line":33,"column":49}},"22":{"start":{"line":34,"column":18},"end":{"line":34,"column":38}},"23":{"start":{"line":34,"column":38},"end":{"line":34,"column":60}},"24":{"start":{"line":34,"column":12},"end":{"line":34,"column":61}},"25":{"start":{"line":36,"column":25},"end":{"line":36,"column":null}},"26":{"start":{"line":36,"column":18},"end":{"line":36,"column":null}},"27":{"start":{"line":37,"column":12},"end":{"line":37,"column":61}},"28":{"start":{"line":40,"column":12},"end":{"line":43,"column":24}},"29":{"start":{"line":41,"column":16},"end":{"line":41,"column":24}},"30":{"start":{"line":42,"column":17},"end":{"line":43,"column":24}},"31":{"start":{"line":43,"column":16},"end":{"line":43,"column":24}},"32":{"start":{"line":44,"column":12},"end":{"line":44,"column":null}},"33":{"start":{"line":48,"column":17},"end":{"line":61,"column":null}},"34":{"start":{"line":51,"column":18},"end":{"line":51,"column":49}},"35":{"start":{"line":52,"column":18},"end":{"line":52,"column":38}},"36":{"start":{"line":52,"column":38},"end":{"line":52,"column":60}},"37":{"start":{"line":52,"column":12},"end":{"line":52,"column":61}},"38":{"start":{"line":53,"column":29},"end":{"line":53,"column":null}},"39":{"start":{"line":53,"column":18},"end":{"line":53,"column":null}},"40":{"start":{"line":54,"column":12},"end":{"line":54,"column":null}},"41":{"start":{"line":57,"column":12},"end":{"line":58,"column":24}},"42":{"start":{"line":58,"column":16},"end":{"line":58,"column":24}},"43":{"start":{"line":59,"column":12},"end":{"line":59,"column":null}},"44":{"start":{"line":63,"column":17},"end":{"line":72,"column":null}},"45":{"start":{"line":65,"column":12},"end":{"line":65,"column":47}},"46":{"start":{"line":66,"column":12},"end":{"line":66,"column":null}},"47":{"start":{"line":68,"column":12},"end":{"line":69,"column":24}},"48":{"start":{"line":69,"column":16},"end":{"line":69,"column":24}},"49":{"start":{"line":70,"column":12},"end":{"line":70,"column":null}},"50":{"start":{"line":73,"column":0},"end":{"line":73,"column":null}},"51":{"start":{"line":7,"column":13},"end":{"line":7,"column":25}}},"fnMap":{"0":{"name":"(anonymous_12)","decl":{"start":{"line":7,"column":0},"end":{"line":7,"column":13}},"loc":{"start":{"line":7,"column":0},"end":{"line":73,"column":null}}},"1":{"name":"(anonymous_14)","decl":{"start":{"line":9,"column":4},"end":{"line":9,"column":17}},"loc":{"start":{"line":9,"column":4},"end":{"line":18,"column":null}}},"2":{"name":"(anonymous_17)","decl":{"start":{"line":20,"column":4},"end":{"line":20,"column":17}},"loc":{"start":{"line":20,"column":40},"end":{"line":29,"column":null}}},"3":{"name":"(anonymous_20)","decl":{"start":{"line":31,"column":4},"end":{"line":31,"column":17}},"loc":{"start":{"line":31,"column":41},"end":{"line":46,"column":null}}},"4":{"name":"(anonymous_23)","decl":{"start":{"line":48,"column":4},"end":{"line":48,"column":17}},"loc":{"start":{"line":48,"column":54},"end":{"line":61,"column":null}}},"5":{"name":"(anonymous_26)","decl":{"start":{"line":63,"column":4},"end":{"line":63,"column":17}},"loc":{"start":{"line":63,"column":40},"end":{"line":72,"column":null}}}},"branchMap":{"0":{"loc":{"start":{"line":14,"column":12},"end":{"line":15,"column":24}},"type":"if","locations":[{"start":{"line":14,"column":12},"end":{"line":15,"column":24}},{"start":{"line":14,"column":12},"end":{"line":15,"column":24}}]},"1":{"loc":{"start":{"line":25,"column":12},"end":{"line":26,"column":24}},"type":"if","locations":[{"start":{"line":25,"column":12},"end":{"line":26,"column":24}},{"start":{"line":25,"column":12},"end":{"line":26,"column":24}}]},"2":{"loc":{"start":{"line":34,"column":12},"end":{"line":34,"column":61}},"type":"switch","locations":[{"start":{"line":34,"column":12},"end":{"line":34,"column":61}}]},"3":{"loc":{"start":{"line":40,"column":12},"end":{"line":43,"column":24}},"type":"if","locations":[{"start":{"line":40,"column":12},"end":{"line":43,"column":24}},{"start":{"line":40,"column":12},"end":{"line":43,"column":24}}]},"4":{"loc":{"start":{"line":42,"column":17},"end":{"line":43,"column":24}},"type":"if","locations":[{"start":{"line":42,"column":17},"end":{"line":43,"column":24}},{"start":{"line":42,"column":17},"end":{"line":43,"column":24}}]},"5":{"loc":{"start":{"line":52,"column":12},"end":{"line":52,"column":61}},"type":"switch","locations":[{"start":{"line":52,"column":12},"end":{"line":52,"column":61}}]},"6":{"loc":{"start":{"line":57,"column":12},"end":{"line":58,"column":24}},"type":"if","locations":[{"start":{"line":57,"column":12},"end":{"line":58,"column":24}},{"start":{"line":57,"column":12},"end":{"line":58,"column":24}}]},"7":{"loc":{"start":{"line":68,"column":12},"end":{"line":69,"column":24}},"type":"if","locations":[{"start":{"line":68,"column":12},"end":{"line":69,"column":24}},{"start":{"line":68,"column":12},"end":{"line":69,"column":24}}]}},"s":{"0":1,"1":1,"2":1,"3":1,"4":1,"5":1,"6":1,"7":2,"8":2,"9":0,"10":2,"11":0,"12":2,"13":1,"14":1,"15":1,"16":1,"17":0,"18":0,"19":0,"20":1,"21":2,"22":2,"23":2,"24":4,"25":2,"26":2,"27":1,"28":1,"29":0,"30":1,"31":0,"32":1,"33":1,"34":2,"35":2,"36":2,"37":4,"38":2,"39":2,"40":0,"41":2,"42":0,"43":2,"44":1,"45":4,"46":0,"47":2,"48":0,"49":2,"50":1,"51":1},"f":{"0":1,"1":2,"2":1,"3":2,"4":2,"5":2},"b":{"0":[0,2],"1":[0,0],"2":[2],"3":[0,1],"4":[0,1],"5":[2],"6":[0,2],"7":[0,2]}}
,"C:\\Users\\vitor.delfino\\Workspace\\InvestmentMonitorBackend\\src\\app\\market-maker\\models\\Order.ts": {"path":"C:\\Users\\vitor.delfino\\Workspace\\InvestmentMonitorBackend\\src\\app\\market-maker\\models\\Order.ts","statementMap":{"0":{"start":{"line":1,"column":0},"end":{"line":1,"column":44}},"1":{"start":{"line":2,"column":0},"end":{"line":2,"column":26}},"2":{"start":{"line":3,"column":0},"end":{"line":3,"column":63}},"3":{"start":{"line":4,"column":0},"end":{"line":4,"column":48}},"4":{"start":{"line":23,"column":0},"end":{"line":23,"column":null}},"5":{"start":{"line":23,"column":27},"end":{"line":23,"column":36}},"6":{"start":{"line":23,"column":0},"end":{"line":23,"column":13}},"7":{"start":{"line":28,"column":2},"end":{"line":28,"column":32}},"8":{"start":{"line":33,"column":2},"end":{"line":33,"column":32}},"9":{"start":{"line":38,"column":2},"end":{"line":38,"column":30}},"10":{"start":{"line":43,"column":2},"end":{"line":43,"column":30}},"11":{"start":{"line":48,"column":2},"end":{"line":48,"column":32}},"12":{"start":{"line":53,"column":2},"end":{"line":53,"column":31}},"13":{"start":{"line":58,"column":2},"end":{"line":58,"column":28}},"14":{"start":{"line":63,"column":2},"end":{"line":63,"column":29}},"15":{"start":{"line":68,"column":2},"end":{"line":68,"column":32}},"16":{"start":{"line":73,"column":2},"end":{"line":73,"column":38}},"17":{"start":{"line":78,"column":2},"end":{"line":78,"column":27}},"18":{"start":{"line":83,"column":2},"end":{"line":83,"column":28}},"19":{"start":{"line":88,"column":2},"end":{"line":88,"column":30}},"20":{"start":{"line":93,"column":2},"end":{"line":93,"column":33}},"21":{"start":{"line":98,"column":2},"end":{"line":98,"column":39}},"22":{"start":{"line":101,"column":2},"end":{"line":101,"column":38}},"23":{"start":{"line":28,"column":2},"end":{"line":28,"column":null}},"24":{"start":{"line":33,"column":2},"end":{"line":33,"column":null}},"25":{"start":{"line":38,"column":2},"end":{"line":38,"column":null}},"26":{"start":{"line":43,"column":2},"end":{"line":43,"column":null}},"27":{"start":{"line":48,"column":2},"end":{"line":48,"column":null}},"28":{"start":{"line":53,"column":2},"end":{"line":53,"column":null}},"29":{"start":{"line":58,"column":2},"end":{"line":58,"column":null}},"30":{"start":{"line":63,"column":2},"end":{"line":63,"column":null}},"31":{"start":{"line":68,"column":2},"end":{"line":68,"column":null}},"32":{"start":{"line":73,"column":2},"end":{"line":73,"column":null}},"33":{"start":{"line":78,"column":2},"end":{"line":78,"column":null}},"34":{"start":{"line":83,"column":2},"end":{"line":83,"column":null}},"35":{"start":{"line":88,"column":2},"end":{"line":88,"column":null}},"36":{"start":{"line":93,"column":2},"end":{"line":93,"column":null}},"37":{"start":{"line":98,"column":2},"end":{"line":98,"column":null}},"38":{"start":{"line":101,"column":2},"end":{"line":101,"column":null}},"39":{"start":{"line":104,"column":2},"end":{"line":104,"column":null}},"40":{"start":{"line":105,"column":0},"end":{"line":105,"column":null}},"41":{"start":{"line":23,"column":13},"end":{"line":23,"column":18}},"42":{"start":{"line":107,"column":0},"end":{"line":107,"column":null}},"43":{"start":{"line":108,"column":2},"end":{"line":108,"column":null}},"44":{"start":{"line":109,"column":2},"end":{"line":109,"column":null}},"45":{"start":{"line":110,"column":2},"end":{"line":110,"column":null}},"46":{"start":{"line":111,"column":2},"end":{"line":111,"column":null}},"47":{"start":{"line":112,"column":2},"end":{"line":112,"column":null}},"48":{"start":{"line":113,"column":2},"end":{"line":113,"column":null}},"49":{"start":{"line":116,"column":13},"end":{"line":123,"column":2}}},"fnMap":{"0":{"name":"(anonymous_8)","decl":{"start":{"line":23,"column":0},"end":{"line":23,"column":13}},"loc":{"start":{"line":23,"column":0},"end":{"line":23,"column":13}}},"1":{"name":"(anonymous_10)","decl":{"start":{"line":107,"column":0},"end":{"line":107,"column":12}},"loc":{"start":{"line":107,"column":23},"end":{"line":114,"column":1}}}},"branchMap":{"0":{"loc":{"start":{"line":23,"column":0},"end":{"line":23,"column":13}},"type":"binary-expr","locations":[{"start":{"line":23,"column":0},"end":{"line":23,"column":13}},{"start":{"line":23,"column":0},"end":{"line":23,"column":13}},{"start":{"line":23,"column":0},"end":{"line":23,"column":13}}]},"1":{"loc":{"start":{"line":107,"column":12},"end":{"line":107,"column":23}},"type":"binary-expr","locations":[{"start":{"line":107,"column":12},"end":{"line":107,"column":23}},{"start":{"line":107,"column":12},"end":{"line":107,"column":null}}]}},"s":{"0":2,"1":2,"2":2,"3":2,"4":2,"5":2,"6":5,"7":5,"8":5,"9":5,"10":5,"11":5,"12":5,"13":5,"14":5,"15":5,"16":5,"17":5,"18":5,"19":5,"20":5,"21":5,"22":5,"23":2,"24":2,"25":2,"26":2,"27":2,"28":2,"29":2,"30":2,"31":2,"32":2,"33":2,"34":2,"35":2,"36":2,"37":2,"38":2,"39":2,"40":2,"41":2,"42":2,"43":2,"44":2,"45":2,"46":2,"47":2,"48":2,"49":2},"f":{"0":7,"1":2},"b":{"0":[5,5,5],"1":[2,2]}}
[...]
,"C:\\Users\\vitor.delfino\\Workspace\\InvestmentMonitorBackend\\src\\shared\\db\\db-topic-persistent.ts": {"path":"C:\\Users\\vitor.delfino\\Workspace\\InvestmentMonitorBackend\\src\\shared\\db\\db-topic-persistent.ts","statementMap":{"0":{"start":{"line":1,"column":0},"end":{"line":1,"column":55}},"1":{"start":{"line":2,"column":0},"end":{"line":2,"column":44}},"2":{"start":{"line":5,"column":13},"end":{"line":14,"column":2}},"3":{"start":{"line":6,"column":26},"end":{"line":6,"column":108}},"4":{"start":{"line":8,"column":4},"end":{"line":11,"column":null}},"5":{"start":{"line":9,"column":8},"end":{"line":9,"column":63}},"6":{"start":{"line":10,"column":8},"end":{"line":10,"column":null}},"7":{"start":{"line":12,"column":4},"end":{"line":12,"column":88}},"8":{"start":{"line":12,"column":19},"end":{"line":12,"column":88}},"9":{"start":{"line":13,"column":4},"end":{"line":13,"column":22}}},"fnMap":{"0":{"name":"(anonymous_1)","decl":{"start":{"line":5,"column":42},"end":{"line":5,"column":null}},"loc":{"start":{"line":5,"column":42},"end":{"line":14,"column":1}}}},"branchMap":{"0":{"loc":{"start":{"line":8,"column":4},"end":{"line":11,"column":null}},"type":"if","locations":[{"start":{"line":8,"column":4},"end":{"line":11,"column":null}},{"start":{"line":8,"column":4},"end":{"line":11,"column":null}}]},"1":{"loc":{"start":{"line":12,"column":4},"end":{"line":12,"column":88}},"type":"if","locations":[{"start":{"line":12,"column":4},"end":{"line":12,"column":88}},{"start":{"line":12,"column":4},"end":{"line":12,"column":88}}]}},"s":{"0":1,"1":1,"2":1,"3":1,"4":1,"5":1,"6":1,"7":1,"8":1,"9":1},"f":{"0":1},"b":{"0":[1,0],"1":[1,0]}}
,"C:\\Users\\vitor.delfino\\Workspace\\InvestmentMonitorBackend\\src\\shared\\helpers\\handleValitateError.ts": {"path":"C:\\Users\\vitor.delfino\\Workspace\\InvestmentMonitorBackend\\src\\shared\\helpers\\handleValitateError.ts","statementMap":{"0":{"start":{"line":1,"column":0},"end":{"line":1,"column":null}},"1":{"start":{"line":2,"column":0},"end":{"line":2,"column":66}},"2":{"start":{"line":4,"column":13},"end":{"line":12,"column":2}},"3":{"start":{"line":4,"column":71},"end":{"line":12,"column":2}},"4":{"start":{"line":5,"column":4},"end":{"line":11,"column":null}},"5":{"start":{"line":7,"column":14},"end":{"line":7,"column":60}},"6":{"start":{"line":7,"column":43},"end":{"line":7,"column":59}},"7":{"start":{"line":8,"column":8},"end":{"line":8,"column":null}},"8":{"start":{"line":10,"column":8},"end":{"line":10,"column":null}},"9":{"start":{"line":14,"column":19},"end":{"line":22,"column":1}},"10":{"start":{"line":15,"column":4},"end":{"line":16,"column":63}},"11":{"start":{"line":16,"column":8},"end":{"line":16,"column":63}},"12":{"start":{"line":16,"column":46},"end":{"line":16,"column":62}},"13":{"start":{"line":17,"column":4},"end":{"line":21,"column":null}},"14":{"start":{"line":20,"column":63},"end":{"line":20,"column":91}},"15":{"start":{"line":24,"column":16},"end":{"line":28,"column":1}},"16":{"start":{"line":25,"column":4},"end":{"line":27,"column":11}},"17":{"start":{"line":26,"column":8},"end":{"line":26,"column":86}}},"fnMap":{"0":{"name":"(anonymous_12)","decl":{"start":{"line":4,"column":35},"end":{"line":4,"column":42}},"loc":{"start":{"line":4,"column":71},"end":{"line":12,"column":2}}},"1":{"name":"(anonymous_13)","decl":{"start":{"line":4,"column":71},"end":{"line":4,"column":null}},"loc":{"start":{"line":4,"column":71},"end":{"line":12,"column":2}}},"2":{"name":"(anonymous_15)","decl":{"start":{"line":7,"column":36},"end":{"line":7,"column":39}},"loc":{"start":{"line":7,"column":39},"end":{"line":7,"column":53}}},"3":{"name":"(anonymous_16)","decl":{"start":{"line":14,"column":19},"end":{"line":14,"column":20}},"loc":{"start":{"line":14,"column":30},"end":{"line":22,"column":1}}},"4":{"name":"(anonymous_17)","decl":{"start":{"line":16,"column":39},"end":{"line":16,"column":42}},"loc":{"start":{"line":16,"column":42},"end":{"line":16,"column":56}}},"5":{"name":"(anonymous_18)","decl":{"start":{"line":20,"column":56},"end":{"line":20,"column":59}},"loc":{"start":{"line":20,"column":59},"end":{"line":20,"column":73}}},"6":{"name":"(anonymous_19)","decl":{"start":{"line":24,"column":16},"end":{"line":24,"column":17}},"loc":{"start":{"line":24,"column":20},"end":{"line":28,"column":1}}},"7":{"name":"(anonymous_20)","decl":{"start":{"line":25,"column":22},"end":{"line":25,"column":32}},"loc":{"start":{"line":25,"column":47},"end":{"line":27,"column":5}}}},"branchMap":{"0":{"loc":{"start":{"line":5,"column":4},"end":{"line":11,"column":null}},"type":"if","locations":[{"start":{"line":5,"column":4},"end":{"line":11,"column":null}},{"start":{"line":5,"column":4},"end":{"line":11,"column":null}}]},"1":{"loc":{"start":{"line":15,"column":4},"end":{"line":16,"column":63}},"type":"if","locations":[{"start":{"line":15,"column":4},"end":{"line":16,"column":63}},{"start":{"line":15,"column":4},"end":{"line":16,"column":63}}]},"2":{"loc":{"start":{"line":26,"column":54},"end":{"line":26,"column":72}},"type":"cond-expr","locations":[{"start":{"line":26,"column":54},"end":{"line":26,"column":72}},{"start":{"line":26,"column":75},"end":{"line":26,"column":84}}]}},"s":{"0":7,"1":7,"2":7,"3":28,"4":28,"5":10,"6":31,"7":10,"8":18,"9":7,"10":65,"11":6,"12":34,"13":59,"14":105,"15":7,"16":16,"17":65},"f":{"0":28,"1":28,"2":31,"3":65,"4":34,"5":105,"6":16,"7":65},"b":{"0":[10,18],"1":[6,59],"2":[6,59]}}
,"C:\\Users\\vitor.delfino\\Workspace\\InvestmentMonitorBackend\\src\\shared\\helpers\\populate.ts": {"path":"C:\\Users\\vitor.delfino\\Workspace\\InvestmentMonitorBackend\\src\\shared\\helpers\\populate.ts","statementMap":{"0":{"start":{"line":2,"column":21},"end":{"line":2,"column":37}},"1":{"start":{"line":4,"column":4},"end":{"line":23,"column":11}},"2":{"start":{"line":6,"column":12},"end":{"line":22,"column":null}},"3":{"start":{"line":10,"column":16},"end":{"line":10,"column":81}},"4":{"start":{"line":11,"column":19},"end":{"line":22,"column":null}},"5":{"start":{"line":14,"column":16},"end":{"line":18,"column":null}},"6":{"start":{"line":15,"column":20},"end":{"line":15,"column":48}},"7":{"start":{"line":17,"column":20},"end":{"line":17,"column":104}},"8":{"start":{"line":17,"column":59},"end":{"line":17,"column":103}},"9":{"start":{"line":21,"column":16},"end":{"line":21,"column":44}},"10":{"start":{"line":24,"column":4},"end":{"line":24,"column":null}},"11":{"start":{"line":1,"column":0},"end":{"line":1,"column":16}}},"fnMap":{"0":{"name":"populate","decl":{"start":{"line":1,"column":16},"end":{"line":1,"column":24}},"loc":{"start":{"line":1,"column":68},"end":{"line":25,"column":1}}},"1":{"name":"(anonymous_1)","decl":{"start":{"line":5,"column":17},"end":{"line":5,"column":18}},"loc":{"start":{"line":5,"column":21},"end":{"line":23,"column":9}}},"2":{"name":"(anonymous_2)","decl":{"start":{"line":17,"column":52},"end":{"line":17,"column":55}},"loc":{"start":{"line":17,"column":55},"end":{"line":17,"column":67}}}},"branchMap":{"0":{"loc":{"start":{"line":6,"column":12},"end":{"line":22,"column":null}},"type":"if","locations":[{"start":{"line":6,"column":12},"end":{"line":22,"column":null}},{"start":{"line":6,"column":12},"end":{"line":22,"column":null}}]},"1":{"loc":{"start":{"line":6,"column":16},"end":{"line":6,"column":47}},"type":"binary-expr","locations":[{"start":{"line":6,"column":16},"end":{"line":6,"column":47}},{"start":{"line":7,"column":17},"end":{"line":7,"column":44}},{"start":{"line":7,"column":48},"end":{"line":7,"column":77}},{"start":{"line":8,"column":16},"end":{"line":8,"column":36}}]},"2":{"loc":{"start":{"line":11,"column":19},"end":{"line":22,"column":null}},"type":"if","locations":[{"start":{"line":11,"column":19},"end":{"line":22,"column":null}},{"start":{"line":11,"column":19},"end":{"line":22,"column":null}}]},"3":{"loc":{"start":{"line":11,"column":22},"end":{"line":11,"column":53}},"type":"binary-expr","locations":[{"start":{"line":11,"column":22},"end":{"line":11,"column":53}},{"start":{"line":12,"column":17},"end":{"line":12,"column":43}},{"start":{"line":12,"column":47},"end":{"line":12,"column":75}},{"start":{"line":13,"column":16},"end":{"line":13,"column":36}}]},"4":{"loc":{"start":{"line":14,"column":16},"end":{"line":18,"column":null}},"type":"if","locations":[{"start":{"line":14,"column":16},"end":{"line":18,"column":null}},{"start":{"line":14,"column":16},"end":{"line":18,"column":null}}]}},"s":{"0":66,"1":66,"2":522,"3":38,"4":484,"5":9,"6":9,"7":0,"8":0,"9":475,"10":66,"11":7},"f":{"0":66,"1":522,"2":0},"b":{"0":[38,484],"1":[522,50,41,41],"2":[9,475],"3":[484,12,9,9],"4":[9,0]}}
,"C:\\Users\\vitor.delfino\\Workspace\\InvestmentMonitorBackend\\src\\shared\\helpers\\system-errors.ts": {"path":"C:\\Users\\vitor.delfino\\Workspace\\InvestmentMonitorBackend\\src\\shared\\helpers\\system-errors.ts","statementMap":{"0":{"start":{"line":1,"column":13},"end":{"line":26,"column":2}}},"fnMap":{},"branchMap":{},"s":{"0":3},"f":{},"b":{}}
,"C:\\Users\\vitor.delfino\\Workspace\\InvestmentMonitorBackend\\src\\shared\\models\\ApplicationResponse.ts": {"path":"C:\\Users\\vitor.delfino\\Workspace\\InvestmentMonitorBackend\\src\\shared\\models\\ApplicationResponse.ts","statementMap":{"0":{"start":{"line":10,"column":0},"end":{"line":10,"column":13}},"1":{"start":{"line":12,"column":23},"end":{"line":12,"column":41}},"2":{"start":{"line":12,"column":50},"end":{"line":12,"column":58}},"3":{"start":{"line":12,"column":67},"end":{"line":12,"column":83}},"4":{"start":{"line":12,"column":92},"end":{"line":12,"column":113}},"5":{"start":{"line":15,"column":0},"end":{"line":15,"column":null}},"6":{"start":{"line":10,"column":13},"end":{"line":10,"column":32}}},"fnMap":{"0":{"name":"(anonymous_0)","decl":{"start":{"line":10,"column":0},"end":{"line":10,"column":13}},"loc":{"start":{"line":10,"column":0},"end":{"line":15,"column":null}}},"1":{"name":"ApplicationResponse","decl":{"start":{"line":12,"column":4},"end":{"line":12,"column":23}},"loc":{"start":{"line":12,"column":113},"end":{"line":14,"column":5}}}},"branchMap":{},"s":{"0":12,"1":91,"2":91,"3":91,"4":91,"5":12,"6":12},"f":{"0":12,"1":91},"b":{}}
,"C:\\Users\\vitor.delfino\\Workspace\\InvestmentMonitorBackend\\src\\shared\\models\\enum\\Topic.ts": {"path":"C:\\Users\\vitor.delfino\\Workspace\\InvestmentMonitorBackend\\src\\shared\\models\\enum\\Topic.ts","statementMap":{"0":{"start":{"line":1,"column":0},"end":{"line":1,"column":null}},"1":{"start":{"line":2,"column":4},"end":{"line":2,"column":null}},"2":{"start":{"line":3,"column":4},"end":{"line":3,"column":null}},"3":{"start":{"line":4,"column":4},"end":{"line":4,"column":null}},"4":{"start":{"line":7,"column":0},"end":{"line":7,"column":null}},"5":{"start":{"line":8,"column":4},"end":{"line":8,"column":null}}},"fnMap":{"0":{"name":"(anonymous_0)","decl":{"start":{"line":1,"column":0},"end":{"line":1,"column":12}},"loc":{"start":{"line":1,"column":26},"end":{"line":5,"column":1}}},"1":{"name":"(anonymous_1)","decl":{"start":{"line":7,"column":0},"end":{"line":7,"column":12}},"loc":{"start":{"line":7,"column":26},"end":{"line":9,"column":1}}}},"branchMap":{"0":{"loc":{"start":{"line":1,"column":12},"end":{"line":1,"column":26}},"type":"binary-expr","locations":[{"start":{"line":1,"column":12},"end":{"line":1,"column":26}},{"start":{"line":1,"column":12},"end":{"line":1,"column":null}}]},"1":{"loc":{"start":{"line":7,"column":12},"end":{"line":7,"column":26}},"type":"binary-expr","locations":[{"start":{"line":7,"column":12},"end":{"line":7,"column":26}},{"start":{"line":7,"column":12},"end":{"line":7,"column":null}}]}},"s":{"0":2,"1":2,"2":2,"3":2,"4":2,"5":2},"f":{"0":2,"1":2},"b":{"0":[2,2],"1":[2,2]}}
,"C:\\Users\\vitor.delfino\\Workspace\\InvestmentMonitorBackend\\src\\shared\\models\\enum\\area.en.ts": {"path":"C:\\Users\\vitor.delfino\\Workspace\\InvestmentMonitorBackend\\src\\shared\\models\\enum\\area.en.ts","statementMap":{"0":{"start":{"line":1,"column":0},"end":{"line":1,"column":null}},"1":{"start":{"line":2,"column":4},"end":{"line":2,"column":null}},"2":{"start":{"line":3,"column":4},"end":{"line":3,"column":null}},"3":{"start":{"line":4,"column":4},"end":{"line":4,"column":null}},"4":{"start":{"line":5,"column":4},"end":{"line":5,"column":null}},"5":{"start":{"line":6,"column":4},"end":{"line":6,"column":null}},"6":{"start":{"line":7,"column":4},"end":{"line":7,"column":null}},"7":{"start":{"line":8,"column":4},"end":{"line":8,"column":null}},"8":{"start":{"line":9,"column":4},"end":{"line":9,"column":null}},"9":{"start":{"line":12,"column":0},"end":{"line":12,"column":null}},"10":{"start":{"line":13,"column":4},"end":{"line":13,"column":null}},"11":{"start":{"line":14,"column":4},"end":{"line":14,"column":null}},"12":{"start":{"line":15,"column":4},"end":{"line":15,"column":null}},"13":{"start":{"line":18,"column":0},"end":{"line":18,"column":null}},"14":{"start":{"line":19,"column":4},"end":{"line":19,"column":null}},"15":{"start":{"line":20,"column":4},"end":{"line":20,"column":null}},"16":{"start":{"line":21,"column":4},"end":{"line":21,"column":null}}},"fnMap":{"0":{"name":"(anonymous_0)","decl":{"start":{"line":1,"column":0},"end":{"line":1,"column":12}},"loc":{"start":{"line":1,"column":18},"end":{"line":10,"column":1}}},"1":{"name":"(anonymous_1)","decl":{"start":{"line":12,"column":0},"end":{"line":12,"column":12}},"loc":{"start":{"line":12,"column":24},"end":{"line":16,"column":1}}},"2":{"name":"(anonymous_2)","decl":{"start":{"line":18,"column":0},"end":{"line":18,"column":12}},"loc":{"start":{"line":18,"column":25},"end":{"line":22,"column":1}}}},"branchMap":{"0":{"loc":{"start":{"line":1,"column":12},"end":{"line":1,"column":18}},"type":"binary-expr","locations":[{"start":{"line":1,"column":12},"end":{"line":1,"column":18}},{"start":{"line":1,"column":12},"end":{"line":1,"column":null}}]},"1":{"loc":{"start":{"line":12,"column":12},"end":{"line":12,"column":24}},"type":"binary-expr","locations":[{"start":{"line":12,"column":12},"end":{"line":12,"column":24}},{"start":{"line":12,"column":12},"end":{"line":12,"column":null}}]},"2":{"loc":{"start":{"line":18,"column":12},"end":{"line":18,"column":25}},"type":"binary-expr","locations":[{"start":{"line":18,"column":12},"end":{"line":18,"column":25}},{"start":{"line":18,"column":12},"end":{"line":18,"column":null}}]}},"s":{"0":1,"1":1,"2":1,"3":1,"4":1,"5":1,"6":1,"7":1,"8":1,"9":1,"10":1,"11":1,"12":1,"13":1,"14":1,"15":1,"16":1},"f":{"0":1,"1":1,"2":1},"b":{"0":[1,1],"1":[1,1],"2":[1,1]}}
,"C:\\Users\\vitor.delfino\\Workspace\\InvestmentMonitorBackend\\src\\shared\\models\\enum\\projectName.ts": {"path":"C:\\Users\\vitor.delfino\\Workspace\\InvestmentMonitorBackend\\src\\shared\\models\\enum\\projectName.ts","statementMap":{"0":{"start":{"line":10,"column":0},"end":{"line":10,"column":null}},"1":{"start":{"line":11,"column":4},"end":{"line":11,"column":null}},"2":{"start":{"line":12,"column":4},"end":{"line":12,"column":null}},"3":{"start":{"line":13,"column":4},"end":{"line":13,"column":null}},"4":{"start":{"line":14,"column":4},"end":{"line":14,"column":null}},"5":{"start":{"line":15,"column":4},"end":{"line":15,"column":null}},"6":{"start":{"line":17,"column":0},"end":{"line":17,"column":null}},"7":{"start":{"line":18,"column":4},"end":{"line":18,"column":null}},"8":{"start":{"line":19,"column":4},"end":{"line":19,"column":null}},"9":{"start":{"line":20,"column":4},"end":{"line":20,"column":null}},"10":{"start":{"line":21,"column":4},"end":{"line":21,"column":null}},"11":{"start":{"line":22,"column":4},"end":{"line":22,"column":null}}},"fnMap":{"0":{"name":"(anonymous_0)","decl":{"start":{"line":10,"column":0},"end":{"line":10,"column":12}},"loc":{"start":{"line":10,"column":19},"end":{"line":16,"column":1}}},"1":{"name":"(anonymous_1)","decl":{"start":{"line":17,"column":0},"end":{"line":17,"column":12}},"loc":{"start":{"line":17,"column":25},"end":{"line":23,"column":1}}}},"branchMap":{"0":{"loc":{"start":{"line":10,"column":12},"end":{"line":10,"column":19}},"type":"binary-expr","locations":[{"start":{"line":10,"column":12},"end":{"line":10,"column":19}},{"start":{"line":10,"column":12},"end":{"line":10,"column":null}}]},"1":{"loc":{"start":{"line":17,"column":12},"end":{"line":17,"column":25}},"type":"binary-expr","locations":[{"start":{"line":17,"column":12},"end":{"line":17,"column":25}},{"start":{"line":17,"column":12},"end":{"line":17,"column":null}}]}},"s":{"0":5,"1":5,"2":5,"3":5,"4":5,"5":5,"6":5,"7":5,"8":5,"9":5,"10":5,"11":5},"f":{"0":5,"1":5},"b":{"0":[5,5],"1":[5,5]}}
,"C:\\Users\\vitor.delfino\\Workspace\\InvestmentMonitorBackend\\src\\shared\\util\\factorPool.ts": {"path":"C:\\Users\\vitor.delfino\\Workspace\\InvestmentMonitorBackend\\src\\shared\\util\\factorPool.ts","statementMap":{"0":{"start":{"line":1,"column":0},"end":{"line":1,"column":77}},"1":{"start":{"line":3,"column":0},"end":{"line":3,"column":100}},"2":{"start":{"line":4,"column":0},"end":{"line":4,"column":118}},"3":{"start":{"line":5,"column":0},"end":{"line":5,"column":109}},"4":{"start":{"line":6,"column":0},"end":{"line":6,"column":109}},"5":{"start":{"line":8,"column":0},"end":{"line":8,"column":51}},"6":{"start":{"line":12,"column":28},"end":{"line":12,"column":37}},"7":{"start":{"line":28,"column":4},"end":{"line":28,"column":23}},"8":{"start":{"line":14,"column":17},"end":{"line":14,"column":67}},"9":{"start":{"line":29,"column":4},"end":{"line":29,"column":12}},"10":{"start":{"line":15,"column":0},"end":{"line":15,"column":112}},"11":{"start":{"line":16,"column":0},"end":{"line":16,"column":137}},"12":{"start":{"line":17,"column":0},"end":{"line":17,"column":124}},"13":{"start":{"line":18,"column":0},"end":{"line":18,"column":125}},"14":{"start":{"line":20,"column":16},"end":{"line":20,"column":45}},"15":{"start":{"line":30,"column":4},"end":{"line":30,"column":11}},"16":{"start":{"line":21,"column":0},"end":{"line":21,"column":48}},"17":{"start":{"line":22,"column":0},"end":{"line":22,"column":61}},"18":{"start":{"line":23,"column":0},"end":{"line":23,"column":54}},"19":{"start":{"line":24,"column":0},"end":{"line":24,"column":55}},"20":{"start":{"line":25,"column":0},"end":{"line":25,"column":44}}},"fnMap":{},"branchMap":{},"s":{"0":1,"1":1,"2":1,"3":1,"4":1,"5":1,"6":1,"7":1,"8":1,"9":1,"10":1,"11":1,"12":1,"13":1,"14":1,"15":1,"16":1,"17":1,"18":1,"19":1,"20":1},"f":{},"b":{}}
}
