TN:
SF:C:\Users\vitor.delfino\Workspace\InvestmentMonitorBackend\src\app\bot-garch\models\Order.ts
FN:14,(anonymous_8)
FNF:1
FNH:1
FNDA:2,(anonymous_8)
DA:1,1
DA:3,1
DA:4,1
DA:14,1
DA:17,1
DA:20,1
DA:23,1
DA:26,1
DA:29,1
DA:32,1
DA:33,1
DA:35,1
LF:12
LH:12
BRF:0
BRH:0
end_of_record
TN:
SF:C:\Users\vitor.delfino\Workspace\InvestmentMonitorBackend\src\app\bot-garch\models\OrderContent.ts
FN:18,(anonymous_0)
FNF:1
FNH:1
FNDA:2,(anonymous_0)
DA:18,1
DA:34,1
LF:2
LH:2
BRF:0
BRH:0
end_of_record
TN:
SF:C:\Users\vitor.delfino\Workspace\InvestmentMonitorBackend\src\app\bot-garch\services\service.order.ts
FN:4,(anonymous_12)
FN:5,(anonymous_14)
FNF:2
FNH:2
FNDA:1,(anonymous_12)
FNDA:2,(anonymous_14)
DA:1,1
DA:2,1
DA:4,1
DA:5,1
DA:8,2
DA:9,2
DA:10,0
DA:12,2
DA:13,2
DA:17,2
DA:18,2
DA:20,0
DA:21,0
DA:22,0
DA:23,0
DA:26,1
LF:16
LH:11
BRDA:9,0,0,0
BRDA:9,0,1,2
BRDA:12,1,0,2
BRDA:12,1,1,2
BRDA:17,2,0,0
BRDA:17,2,1,2
BRDA:17,3,0,0
BRDA:17,3,1,0
BRDA:21,4,0,0
BRDA:21,4,1,0
BRF:10
BRH:4
end_of_record
TN:
SF:C:\Users\vitor.delfino\Workspace\InvestmentMonitorBackend\src\app\bot-telegram\models\EventTelegram.ts
FN:16,(anonymous_8)
FNF:1
FNH:1
FNDA:4,(anonymous_8)
DA:1,2
DA:3,2
DA:4,2
DA:5,2
DA:16,2
DA:18,2
DA:23,2
DA:26,2
DA:29,2
DA:32,2
DA:35,2
DA:36,2
DA:38,2
LF:13
LH:13
BRDA:16,0,0,2
BRDA:16,0,1,2
BRDA:16,0,2,2
BRF:3
BRH:3
end_of_record
TN:
SF:C:\Users\vitor.delfino\Workspace\InvestmentMonitorBackend\src\app\bot-telegram\models\enums\Actions.ts
FN:1,(anonymous_0)
FNF:1
FNH:1
FNDA:2,(anonymous_0)
DA:1,2
DA:2,2
DA:3,2
LF:3
LH:3
BRDA:1,0,0,2
BRDA:1,0,1,2
BRF:2
BRH:2
end_of_record
TN:
SF:C:\Users\vitor.delfino\Workspace\InvestmentMonitorBackend\src\app\bot-telegram\models\enums\ContentStatus.ts
FN:1,(anonymous_0)
FNF:1
FNH:1
FNDA:1,(anonymous_0)
DA:1,1
DA:2,1
DA:3,1
DA:4,1
DA:5,1
DA:6,1
LF:6
LH:6
BRDA:1,0,0,1
BRDA:1,0,1,1
BRF:2
BRH:2
end_of_record
TN:
SF:C:\Users\vitor.delfino\Workspace\InvestmentMonitorBackend\src\app\bot-telegram\models\interfaces\IContent.ts
FN:26,(anonymous_0)
FNF:1
FNH:1
FNDA:4,(anonymous_0)
DA:26,2
DA:52,2
LF:2
LH:2
BRF:0
BRH:0
end_of_record
TN:
SF:C:\Users\vitor.delfino\Workspace\InvestmentMonitorBackend\src\app\bot-telegram\services\service.events-telegram.ts
FN:4,(anonymous_12)
FN:6,(anonymous_14)
FNF:2
FNH:2
FNDA:1,(anonymous_12)
FNDA:3,(anonymous_14)
DA:1,1
DA:2,1
DA:4,1
DA:6,1
DA:14,3
DA:15,3
DA:16,3
DA:18,3
DA:19,1
DA:21,3
DA:22,3
DA:27,3
DA:30,1
DA:33,2
DA:34,1
DA:35,1
DA:41,1
LF:17
LH:17
BRDA:15,0,0,3
BRDA:15,0,1,0
BRDA:18,1,0,1
BRDA:18,1,1,2
BRDA:21,2,0,3
BRDA:21,2,1,0
BRDA:33,3,0,1
BRDA:33,3,1,1
BRF:8
BRH:6
end_of_record
TN:
SF:C:\Users\vitor.delfino\Workspace\InvestmentMonitorBackend\src\app\bot-telegram\services\service.metrics-telegram.ts
FN:6,(anonymous_12)
FN:8,(anonymous_14)
FN:29,(anonymous_17)
FN:30,(anonymous_18)
FN:33,(anonymous_19)
FN:34,(anonymous_20)
FN:67,(anonymous_21)
FN:80,(anonymous_24)
FN:104,(anonymous_25)
FNF:9
FNH:9
FNDA:1,(anonymous_12)
FNDA:4,(anonymous_14)
FNDA:5,(anonymous_17)
FNDA:5,(anonymous_18)
FNDA:3,(anonymous_19)
FNDA:6,(anonymous_20)
FNDA:3,(anonymous_21)
FNDA:5,(anonymous_24)
FNDA:2,(anonymous_25)
DA:1,1
DA:2,1
DA:3,1
DA:4,1
DA:6,1
DA:8,1
DA:16,4
DA:17,1
DA:19,3
DA:20,3
DA:21,3
DA:23,3
DA:24,2
DA:25,2
DA:28,3
DA:29,5
DA:30,5
DA:31,2
DA:32,2
DA:33,2
DA:34,3
DA:35,6
DA:36,2
DA:37,1
DA:39,2
DA:40,1
DA:46,2
DA:47,2
DA:55,2
DA:58,2
DA:59,1
DA:60,1
DA:67,1
DA:70,3
DA:71,1
DA:73,2
DA:74,2
DA:75,2
DA:77,2
DA:79,1
DA:80,1
DA:81,5
DA:82,3
DA:83,1
DA:84,1
DA:86,2
DA:89,2
DA:90,2
DA:91,1
DA:92,1
DA:95,1
DA:100,1
DA:102,1
DA:104,1
DA:105,2
DA:108,1
DA:110,2
DA:111,1
DA:112,1
DA:117,1
LF:60
LH:60
BRDA:16,0,0,1
BRDA:16,0,1,3
BRDA:16,1,0,4
BRDA:16,1,1,3
BRDA:23,2,0,2
BRDA:23,2,1,1
BRDA:35,3,0,2
BRDA:35,3,1,4
BRDA:36,4,0,1
BRDA:36,4,1,1
BRDA:39,5,0,1
BRDA:39,5,1,1
BRDA:58,6,0,1
BRDA:58,6,1,1
BRDA:70,7,0,1
BRDA:70,7,1,2
BRDA:70,8,0,3
BRDA:70,8,1,2
BRDA:81,9,0,3
BRDA:81,9,1,2
BRDA:82,10,0,1
BRDA:82,10,1,2
BRDA:89,11,0,2
BRDA:89,11,1,0
BRDA:89,12,0,2
BRDA:89,12,1,1
BRDA:90,13,0,1
BRDA:90,13,1,1
BRDA:110,14,0,1
BRDA:110,14,1,1
BRF:30
BRH:29
end_of_record
TN:
SF:C:\Users\vitor.delfino\Workspace\InvestmentMonitorBackend\src\app\commons\models\bot-events\BotEvents.ts
FN:9,(anonymous_8)
FNF:1
FNH:1
FNDA:2,(anonymous_8)
DA:1,1
DA:2,1
DA:9,1
DA:11,1
DA:14,1
DA:15,1
DA:17,1
LF:7
LH:7
BRF:0
BRH:0
end_of_record
TN:
SF:C:\Users\vitor.delfino\Workspace\InvestmentMonitorBackend\src\app\commons\models\exchange\Exchange.ts
FN:13,(anonymous_8)
FNF:1
FNH:1
FNDA:14,(anonymous_8)
DA:1,4
DA:2,4
DA:3,4
DA:4,4
DA:13,10
DA:18,10
DA:23,10
DA:28,10
DA:35,10
DA:39,10
DA:43,10
DA:44,4
DA:46,4
LF:13
LH:13
BRDA:13,0,0,10
BRDA:13,0,1,10
BRDA:13,0,2,10
BRF:3
BRH:3
end_of_record
TN:
SF:C:\Users\vitor.delfino\Workspace\InvestmentMonitorBackend\src\app\commons\models\group\Group.ts
FN:11,(anonymous_8)
FNF:1
FNH:1
FNDA:8,(anonymous_8)
DA:1,1
DA:2,1
DA:3,1
DA:4,1
DA:11,7
DA:16,7
DA:21,7
DA:22,1
DA:24,1
LF:9
LH:9
BRDA:11,0,0,7
BRDA:11,0,1,7
BRDA:11,0,2,7
BRF:3
BRH:3
end_of_record
TN:
SF:C:\Users\vitor.delfino\Workspace\InvestmentMonitorBackend\src\app\commons\models\instance\Instance.ts
FN:7,(anonymous_8)
FN:16,(anonymous_9)
FN:32,(anonymous_10)
FNF:3
FNH:3
FNDA:3,(anonymous_8)
FNDA:3,(anonymous_9)
FNDA:6,(anonymous_10)
DA:1,3
DA:2,3
DA:3,3
DA:5,3
DA:7,3
DA:9,3
DA:10,3
DA:11,3
DA:12,3
DA:13,3
DA:16,3
DA:17,3
DA:18,3
DA:19,3
DA:32,3
DA:37,3
DA:42,3
DA:48,3
DA:53,3
DA:56,3
DA:59,3
DA:62,3
DA:63,3
DA:65,3
LF:24
LH:24
BRDA:7,0,0,3
BRDA:7,0,1,3
BRDA:16,1,0,3
BRDA:16,1,1,3
BRDA:32,2,0,3
BRDA:32,2,1,3
BRDA:32,2,2,3
BRF:7
BRH:7
end_of_record
TN:
SF:C:\Users\vitor.delfino\Workspace\InvestmentMonitorBackend\src\app\commons\models\topic\Topic.ts
FN:7,(anonymous_8)
FN:20,(anonymous_9)
FNF:2
FNH:2
FNDA:2,(anonymous_8)
FNDA:8,(anonymous_9)
DA:1,2
DA:2,2
DA:3,2
DA:5,2
DA:7,2
DA:8,2
DA:9,2
DA:10,2
DA:11,2
DA:20,6
DA:25,6
DA:30,6
DA:35,6
DA:36,2
DA:38,2
LF:15
LH:15
BRDA:7,0,0,2
BRDA:7,0,1,2
BRDA:20,1,0,6
BRDA:20,1,1,6
BRDA:20,1,2,6
BRF:5
BRH:5
end_of_record
TN:
SF:C:\Users\vitor.delfino\Workspace\InvestmentMonitorBackend\src\app\commons\services\service.bot-events.ts
FN:7,(anonymous_13)
FN:9,(anonymous_15)
FN:9,(anonymous_16)
FNF:3
FNH:3
FNDA:1,(anonymous_13)
FNDA:2,(anonymous_15)
FNDA:2,(anonymous_16)
DA:1,2
DA:2,1
DA:3,1
DA:4,1
DA:6,1
DA:7,1
DA:9,2
DA:11,2
DA:12,2
DA:13,2
DA:14,1
DA:16,1
DA:17,1
DA:21,1
LF:14
LH:14
BRF:0
BRH:0
end_of_record
TN:
SF:C:\Users\vitor.delfino\Workspace\InvestmentMonitorBackend\src\app\commons\services\service.exchange.ts
FN:6,(anonymous_12)
FN:8,(anonymous_14)
FN:22,(anonymous_17)
FN:31,(anonymous_20)
FN:40,(anonymous_23)
FN:53,(anonymous_26)
FNF:6
FNH:6
FNDA:1,(anonymous_12)
FNDA:3,(anonymous_14)
FNDA:2,(anonymous_17)
FNDA:1,(anonymous_20)
FNDA:3,(anonymous_23)
FNDA:2,(anonymous_26)
DA:1,1
DA:2,1
DA:3,1
DA:4,1
DA:5,1
DA:6,1
DA:8,1
DA:10,3
DA:11,6
DA:13,2
DA:14,2
DA:16,1
DA:17,1
DA:18,0
DA:22,1
DA:24,2
DA:25,1
DA:27,1
DA:31,1
DA:33,1
DA:34,1
DA:36,0
DA:40,1
DA:42,3
DA:43,6
DA:44,2
DA:45,1
DA:47,2
DA:48,1
DA:49,1
DA:53,1
DA:56,4
DA:57,1
DA:59,1
DA:63,1
LF:35
LH:33
BRDA:11,0,0,3
BRDA:16,1,0,1
BRDA:16,1,1,0
BRDA:43,2,0,3
BRDA:47,3,0,1
BRDA:47,3,1,1
BRF:6
BRH:5
end_of_record
TN:
SF:C:\Users\vitor.delfino\Workspace\InvestmentMonitorBackend\src\app\commons\services\service.group.ts
FN:7,(anonymous_12)
FN:9,(anonymous_14)
FN:23,(anonymous_17)
FN:32,(anonymous_20)
FN:41,(anonymous_23)
FN:54,(anonymous_26)
FNF:6
FNH:6
FNDA:1,(anonymous_12)
FNDA:3,(anonymous_14)
FNDA:2,(anonymous_17)
FNDA:1,(anonymous_20)
FNDA:3,(anonymous_23)
FNDA:2,(anonymous_26)
DA:1,1
DA:2,1
DA:3,1
DA:4,1
DA:5,1
DA:7,1
DA:9,1
DA:11,3
DA:12,6
DA:14,2
DA:15,2
DA:17,1
DA:18,1
DA:19,0
DA:23,1
DA:25,2
DA:26,1
DA:28,1
DA:32,1
DA:34,1
DA:35,1
DA:37,0
DA:41,1
DA:43,3
DA:44,6
DA:45,2
DA:46,1
DA:48,2
DA:49,1
DA:50,1
DA:54,1
DA:56,4
DA:57,1
DA:59,1
DA:62,1
LF:35
LH:33
BRDA:12,0,0,3
BRDA:17,1,0,1
BRDA:17,1,1,0
BRDA:44,2,0,3
BRDA:48,3,0,1
BRDA:48,3,1,1
BRF:6
BRH:5
end_of_record
TN:
SF:C:\Users\vitor.delfino\Workspace\InvestmentMonitorBackend\src\app\commons\services\service.instance.ts
FN:36,(anonymous_13)
FN:37,ServiceInstance
FN:41,(anonymous_15)
FN:41,(anonymous_16)
FN:46,(anonymous_18)
FN:46,(anonymous_19)
FN:85,(anonymous_21)
FN:85,(anonymous_22)
FN:131,(anonymous_24)
FN:160,(anonymous_25)
FN:176,(anonymous_26)
FN:176,(anonymous_27)
FN:194,(anonymous_29)
FN:197,(anonymous_32)
FN:206,(anonymous_33)
FN:221,(anonymous_34)
FN:237,(anonymous_35)
FN:237,(anonymous_36)
FN:256,(anonymous_38)
FN:258,(anonymous_41)
FN:269,(anonymous_42)
FNF:21
FNH:6
FNDA:1,(anonymous_13)
FNDA:2,ServiceInstance
FNDA:2,(anonymous_15)
FNDA:2,(anonymous_16)
FNDA:2,(anonymous_18)
FNDA:2,(anonymous_19)
FNDA:0,(anonymous_21)
FNDA:0,(anonymous_22)
FNDA:0,(anonymous_24)
FNDA:0,(anonymous_25)
FNDA:0,(anonymous_26)
FNDA:0,(anonymous_27)
FNDA:0,(anonymous_29)
FNDA:0,(anonymous_32)
FNDA:0,(anonymous_33)
FNDA:0,(anonymous_34)
FNDA:0,(anonymous_35)
FNDA:0,(anonymous_36)
FNDA:0,(anonymous_38)
FNDA:0,(anonymous_41)
FNDA:0,(anonymous_42)
DA:11,1
DA:12,1
DA:13,1
DA:14,1
DA:15,1
DA:16,1
DA:17,1
DA:18,1
DA:20,1
DA:21,1
DA:23,1
DA:24,1
DA:27,1
DA:33,1
DA:34,1
DA:36,1
DA:37,2
DA:41,2
DA:44,2
DA:45,2
DA:46,2
DA:47,4
DA:48,0
DA:49,0
DA:51,2
DA:53,1
DA:55,1
DA:85,2
DA:88,0
DA:89,0
DA:90,0
DA:92,0
DA:93,0
DA:94,0
DA:96,0
DA:98,0
DA:99,0
DA:102,0
DA:103,0
DA:104,0
DA:111,0
DA:112,0
DA:113,0
DA:118,0
DA:129,0
DA:130,0
DA:131,0
DA:141,0
DA:146,0
DA:147,0
DA:149,0
DA:151,0
DA:153,0
DA:156,0
DA:160,2
DA:161,0
DA:168,0
DA:170,0
DA:176,2
DA:178,0
DA:179,0
DA:180,0
DA:182,0
DA:183,0
DA:184,0
DA:185,0
DA:187,0
DA:190,0
DA:194,2
DA:196,0
DA:197,0
DA:198,0
DA:200,0
DA:202,0
DA:206,2
DA:207,0
DA:213,0
DA:221,2
DA:222,0
DA:230,0
DA:231,0
DA:232,0
DA:237,2
DA:239,0
DA:245,0
DA:249,0
DA:250,0
DA:252,0
DA:256,2
DA:257,0
DA:258,0
DA:259,0
DA:261,0
DA:262,0
DA:263,0
DA:265,0
DA:266,0
DA:267,0
DA:268,0
DA:270,0
DA:271,0
DA:273,0
DA:279,1
LF:103
LH:34
BRDA:51,0,0,2
BRDA:47,1,0,2
BRDA:47,1,1,0
BRDA:153,2,0,0
BRDA:89,3,0,0
BRDA:89,3,1,0
BRDA:93,4,0,0
BRDA:93,4,1,0
BRDA:98,5,0,0
BRDA:98,5,1,0
BRDA:99,6,0,0
BRDA:99,6,1,0
BRDA:102,7,0,0
BRDA:102,7,1,0
BRDA:102,8,0,0
BRDA:102,8,1,0
BRDA:112,9,0,0
BRDA:112,9,1,0
BRDA:129,10,0,0
BRDA:129,10,1,0
BRDA:179,11,0,0
BRDA:179,11,1,0
BRDA:179,12,0,0
BRDA:179,12,1,0
BRDA:182,13,0,0
BRDA:182,13,1,0
BRDA:182,14,0,0
BRDA:182,14,1,0
BRDA:230,15,0,0
BRDA:230,15,1,0
BRDA:257,16,0,0
BRDA:259,17,0,0
BRDA:259,17,1,0
BRDA:265,18,0,0
BRDA:265,18,1,0
BRDA:265,19,0,0
BRDA:265,19,1,0
BRF:37
BRH:2
end_of_record
TN:
SF:C:\Users\vitor.delfino\Workspace\InvestmentMonitorBackend\src\app\commons\services\service.topic.ts
FN:7,(anonymous_12)
FN:9,(anonymous_14)
FN:20,(anonymous_17)
FN:31,(anonymous_20)
FN:48,(anonymous_23)
FN:63,(anonymous_26)
FNF:6
FNH:6
FNDA:1,(anonymous_12)
FNDA:2,(anonymous_14)
FNDA:1,(anonymous_17)
FNDA:2,(anonymous_20)
FNDA:2,(anonymous_23)
FNDA:2,(anonymous_26)
DA:1,1
DA:2,1
DA:3,1
DA:4,1
DA:5,1
DA:7,1
DA:9,1
DA:11,2
DA:12,0
DA:14,2
DA:15,0
DA:16,2
DA:20,1
DA:22,1
DA:23,1
DA:25,0
DA:26,0
DA:27,0
DA:31,1
DA:33,2
DA:34,4
DA:36,2
DA:37,1
DA:40,1
DA:41,0
DA:42,1
DA:43,0
DA:44,1
DA:48,1
DA:51,2
DA:52,4
DA:53,2
DA:54,0
DA:57,2
DA:58,0
DA:59,2
DA:63,1
DA:65,4
DA:66,0
DA:68,2
DA:69,0
DA:70,2
DA:73,1
LF:43
LH:32
BRDA:14,0,0,0
BRDA:14,0,1,2
BRDA:25,1,0,0
BRDA:25,1,1,0
BRDA:34,2,0,2
BRDA:40,3,0,0
BRDA:40,3,1,1
BRDA:42,4,0,0
BRDA:42,4,1,1
BRDA:52,5,0,2
BRDA:57,6,0,0
BRDA:57,6,1,2
BRDA:68,7,0,0
BRDA:68,7,1,2
BRF:14
BRH:7
end_of_record
TN:
SF:C:\Users\vitor.delfino\Workspace\InvestmentMonitorBackend\src\app\market-maker\models\Order.ts
FN:23,(anonymous_8)
FN:107,(anonymous_10)
FNF:2
FNH:2
FNDA:7,(anonymous_8)
FNDA:2,(anonymous_10)
DA:1,2
DA:2,2
DA:3,2
DA:4,2
DA:23,5
DA:28,5
DA:33,5
DA:38,5
DA:43,5
DA:48,5
DA:53,5
DA:58,5
DA:63,5
DA:68,5
DA:73,5
DA:78,5
DA:83,5
DA:88,5
DA:93,5
DA:98,5
DA:101,5
DA:104,2
DA:105,2
DA:107,2
DA:108,2
DA:109,2
DA:110,2
DA:111,2
DA:112,2
DA:113,2
DA:116,2
LF:31
LH:31
BRDA:23,0,0,5
BRDA:23,0,1,5
BRDA:23,0,2,5
BRDA:107,1,0,2
BRDA:107,1,1,2
BRF:5
BRH:5
end_of_record
TN:
SF:C:\Users\vitor.delfino\Workspace\InvestmentMonitorBackend\src\app\market-maker\models\interfaces\ConfigExposition.ts
FN:11,(anonymous_2)
FNF:1
FNH:1
FNDA:17,(anonymous_2)
DA:9,2
DA:11,2
DA:17,15
DA:24,15
DA:31,15
DA:38,15
DA:39,2
LF:7
LH:7
BRF:0
BRH:0
end_of_record
TN:
SF:C:\Users\vitor.delfino\Workspace\InvestmentMonitorBackend\src\app\market-maker\services\service.liquidate.ts
FN:11,(anonymous_13)
FN:13,(anonymous_15)
FN:26,(anonymous_18)
FN:28,(anonymous_19)
FN:41,(anonymous_20)
FN:57,(anonymous_21)
FN:79,(anonymous_22)
FNF:7
FNH:7
FNDA:8,(anonymous_13)
FNDA:7,(anonymous_15)
FNDA:4,(anonymous_18)
FNDA:4,(anonymous_19)
FNDA:3,(anonymous_20)
FNDA:3,(anonymous_21)
FNDA:4,(anonymous_22)
DA:1,1
DA:2,1
DA:3,1
DA:5,1
DA:6,1
DA:7,1
DA:8,1
DA:10,1
DA:11,1
DA:13,1
DA:15,7
DA:16,1
DA:18,6
DA:19,5
DA:20,1
DA:26,4
DA:27,4
DA:28,4
DA:30,4
DA:31,7
DA:32,1
DA:33,2
DA:34,1
DA:35,1
DA:41,3
DA:42,3
DA:43,1
DA:45,3
DA:46,3
DA:47,3
DA:48,3
DA:50,3
DA:51,2
DA:52,3
DA:53,3
DA:55,3
DA:56,3
DA:57,3
DA:59,6
DA:60,4
DA:61,2
DA:62,2
DA:64,3
DA:65,3
DA:73,2
DA:74,1
DA:75,1
DA:79,1
DA:80,4
DA:87,4
DA:94,1
LF:51
LH:51
BRDA:62,0,0,1
BRDA:15,1,0,1
BRDA:15,1,1,6
BRDA:15,2,0,7
BRDA:15,2,1,1
BRDA:15,2,2,6
BRDA:15,2,3,6
BRDA:19,3,0,1
BRDA:19,3,1,4
BRDA:26,4,0,1
BRDA:26,4,1,3
BRDA:31,5,0,3
BRDA:31,5,1,1
BRDA:42,6,0,1
BRDA:42,6,1,2
BRDA:50,7,0,1
BRDA:50,7,1,2
BRDA:60,8,0,1
BRDA:60,8,1,2
BRDA:66,9,0,3
BRDA:66,9,1,0
BRDA:73,10,0,1
BRDA:73,10,1,1
BRF:23
BRH:22
end_of_record
TN:
SF:C:\Users\vitor.delfino\Workspace\InvestmentMonitorBackend\src\app\market-maker\services\service.order.ts
FN:14,(anonymous_12)
FN:17,ServiceOrder
FN:19,(anonymous_14)
FN:35,(anonymous_17)
FN:38,(anonymous_18)
FN:43,(anonymous_19)
FNF:6
FNH:6
FNDA:1,(anonymous_12)
FNDA:5,ServiceOrder
FNDA:2,(anonymous_14)
FNDA:1,(anonymous_17)
FNDA:1,(anonymous_18)
FNDA:3,(anonymous_19)
DA:9,1
DA:10,1
DA:11,1
DA:12,1
DA:13,1
DA:14,1
DA:19,1
DA:20,2
DA:21,2
DA:22,0
DA:24,2
DA:25,0
DA:27,2
DA:29,2
DA:30,2
DA:34,2
DA:35,2
DA:36,1
DA:39,1
DA:43,1
DA:45,3
DA:46,6
DA:47,1
DA:48,1
DA:51,2
DA:52,2
DA:53,0
DA:56,1
LF:28
LH:25
BRDA:21,0,0,0
BRDA:21,0,1,2
BRDA:24,1,0,0
BRDA:24,1,1,2
BRDA:24,2,0,2
BRDA:24,2,1,0
BRDA:29,3,0,2
BRDA:29,3,1,2
BRDA:34,4,0,0
BRDA:34,4,1,2
BRDA:34,5,0,0
BRDA:34,5,1,0
BRDA:46,6,0,3
BRDA:51,7,0,2
BRDA:51,7,1,0
BRF:15
BRH:8
end_of_record
TN:
SF:C:\Users\vitor.delfino\Workspace\InvestmentMonitorBackend\src\app\strategy\models\strategy\AbstractStrategy.ts
FN:26,(anonymous_8)
FN:70,AbstractStrategy
FN:75,(anonymous_10)
FN:79,(anonymous_11)
FN:17,(anonymous_12)
FNF:5
FNH:2
FNDA:3,(anonymous_8)
FNDA:15,AbstractStrategy
FNDA:0,(anonymous_10)
FNDA:0,(anonymous_11)
FNDA:0,(anonymous_12)
DA:1,3
DA:2,3
DA:4,3
DA:5,3
DA:18,0
DA:19,0
DA:20,0
DA:21,0
DA:22,0
DA:23,0
DA:24,0
DA:26,3
DA:31,15
DA:36,15
DA:41,15
DA:46,15
DA:51,3
DA:54,3
DA:57,3
DA:60,3
DA:65,15
DA:68,15
DA:71,15
DA:72,15
DA:75,3
DA:76,0
DA:79,3
DA:80,0
DA:82,3
LF:29
LH:20
BRDA:71,0,0,15
BRDA:71,0,1,15
BRDA:18,1,0,0
BRDA:18,1,1,0
BRF:4
BRH:2
end_of_record
TN:
SF:C:\Users\vitor.delfino\Workspace\InvestmentMonitorBackend\src\app\strategy\models\strategy\BotCoinsStrategy.ts
FN:14,(anonymous_22)
FN:19,BotCoinsStrategy
FN:23,(anonymous_24)
FN:32,(anonymous_27)
FN:33,(anonymous_28)
FNF:5
FNH:2
FNDA:1,(anonymous_22)
FNDA:1,BotCoinsStrategy
FNDA:0,(anonymous_24)
FNDA:0,(anonymous_27)
FNDA:0,(anonymous_28)
DA:1,1
DA:2,1
DA:3,1
DA:4,1
DA:5,1
DA:6,1
DA:7,1
DA:8,1
DA:9,1
DA:14,1
DA:17,1
DA:20,1
DA:23,1
DA:24,0
DA:25,0
DA:26,0
DA:27,0
DA:28,0
DA:29,0
DA:32,1
DA:33,0
DA:38,1
DA:40,1
LF:23
LH:16
BRDA:20,0,0,1
BRDA:20,0,1,0
BRDA:24,1,0,0
BRDA:24,1,1,0
BRDA:25,2,0,0
BRDA:25,2,1,0
BRF:6
BRH:1
end_of_record
TN:
SF:C:\Users\vitor.delfino\Workspace\InvestmentMonitorBackend\src\app\strategy\models\strategy\GarchStrategy.ts
FN:20,(anonymous_20)
FN:35,GarchStrategy
FN:39,(anonymous_22)
FN:64,(anonymous_25)
FNF:4
FNH:4
FNDA:2,(anonymous_20)
FNDA:6,GarchStrategy
FNDA:4,(anonymous_22)
FNDA:2,(anonymous_25)
DA:1,2
DA:2,2
DA:3,2
DA:4,2
DA:5,2
DA:6,2
DA:7,2
DA:8,2
DA:9,2
DA:10,2
DA:11,2
DA:20,2
DA:23,2
DA:28,6
DA:33,6
DA:36,6
DA:39,2
DA:40,4
DA:41,4
DA:42,4
DA:43,4
DA:44,4
DA:45,8
DA:46,2
DA:48,2
DA:49,2
DA:52,2
DA:53,2
DA:60,0
DA:64,2
DA:65,2
DA:66,2
DA:68,0
DA:69,0
DA:72,0
DA:75,2
DA:77,2
LF:37
LH:33
BRDA:36,0,0,6
BRDA:36,0,1,0
BRDA:40,1,0,0
BRDA:40,1,1,4
BRDA:41,2,0,0
BRDA:41,2,1,4
BRDA:46,3,0,2
BRDA:46,3,1,0
BRDA:49,4,0,2
BRDA:49,4,1,0
BRDA:65,5,0,2
BRDA:65,5,1,0
BRDA:68,6,0,0
BRDA:68,6,1,0
BRF:14
BRH:6
end_of_record
TN:
SF:C:\Users\vitor.delfino\Workspace\InvestmentMonitorBackend\src\app\strategy\models\strategy\MarketMakerStrategy.ts
FN:22,(anonymous_20)
FN:43,MarketMakerStrategy
FN:47,(anonymous_22)
FNF:3
FNH:3
FNDA:2,(anonymous_20)
FNDA:7,MarketMakerStrategy
FNDA:5,(anonymous_22)
DA:1,2
DA:2,2
DA:3,2
DA:4,2
DA:5,2
DA:6,2
DA:7,2
DA:8,2
DA:9,2
DA:10,2
DA:11,2
DA:22,2
DA:25,2
DA:28,7
DA:31,7
DA:36,7
DA:41,7
DA:44,7
DA:47,2
DA:48,5
DA:49,5
DA:50,5
DA:51,5
DA:52,5
DA:53,10
DA:55,3
DA:60,3
DA:61,0
DA:62,0
DA:69,3
DA:70,3
DA:71,2
DA:72,2
DA:77,1
DA:79,2
DA:80,2
DA:81,2
DA:83,2
DA:85,2
LF:39
LH:37
BRDA:44,0,0,7
BRDA:44,0,1,0
BRDA:48,1,0,0
BRDA:48,1,1,5
BRDA:49,2,0,0
BRDA:49,2,1,5
BRDA:55,3,0,3
BRDA:55,3,1,0
BRDA:60,4,0,0
BRDA:60,4,1,3
BRDA:60,5,0,3
BRDA:60,5,1,3
BRDA:70,6,0,2
BRDA:70,6,1,1
BRF:14
BRH:9
end_of_record
TN:
SF:C:\Users\vitor.delfino\Workspace\InvestmentMonitorBackend\src\app\strategy\models\strategy\TelegramStrategy.ts
FN:15,(anonymous_22)
FN:25,TelegramStrategy
FN:29,(anonymous_24)
FN:40,(anonymous_27)
FN:41,(anonymous_28)
FNF:5
FNH:2
FNDA:1,(anonymous_22)
FNDA:1,TelegramStrategy
FNDA:0,(anonymous_24)
FNDA:0,(anonymous_27)
FNDA:0,(anonymous_28)
DA:1,1
DA:2,1
DA:3,1
DA:4,1
DA:5,1
DA:6,1
DA:7,1
DA:8,1
DA:9,1
DA:15,1
DA:18,1
DA:23,1
DA:26,1
DA:29,1
DA:30,0
DA:31,0
DA:32,0
DA:33,0
DA:34,0
DA:35,0
DA:36,0
DA:37,0
DA:40,1
DA:41,0
DA:46,1
DA:48,1
LF:26
LH:17
BRDA:26,0,0,1
BRDA:26,0,1,0
BRDA:30,1,0,0
BRDA:30,1,1,0
BRDA:31,2,0,0
BRDA:31,2,1,0
BRDA:37,3,0,0
BRDA:37,3,1,0
BRF:8
BRH:1
end_of_record
TN:
SF:C:\Users\vitor.delfino\Workspace\InvestmentMonitorBackend\src\app\strategy\models\strategy\configs\BotCoinsConfig.ts
FN:8,(anonymous_0)
FNF:1
FNH:1
FNDA:2,(anonymous_0)
DA:1,1
DA:2,1
DA:8,1
DA:9,1
DA:10,1
LF:5
LH:5
BRF:0
BRH:0
end_of_record
TN:
SF:C:\Users\vitor.delfino\Workspace\InvestmentMonitorBackend\src\app\strategy\models\strategy\configs\ConfigStrategy.ts
FN:6,(anonymous_0)
FNF:1
FNH:1
FNDA:28,(anonymous_0)
DA:6,3
DA:7,25
DA:8,25
DA:9,3
LF:4
LH:4
BRF:0
BRH:0
end_of_record
TN:
SF:C:\Users\vitor.delfino\Workspace\InvestmentMonitorBackend\src\app\strategy\models\strategy\configs\GarchConfig.ts
FN:8,(anonymous_2)
FN:13,(anonymous_3)
FN:40,(anonymous_4)
FNF:3
FNH:3
FNDA:2,(anonymous_2)
FNDA:2,(anonymous_3)
FNDA:12,(anonymous_4)
DA:1,2
DA:2,2
DA:3,2
DA:8,2
DA:9,2
DA:10,2
DA:13,2
DA:14,2
DA:15,2
DA:16,2
DA:17,2
DA:18,2
DA:19,2
DA:20,2
DA:21,2
DA:22,2
DA:40,2
DA:44,10
DA:48,10
DA:52,10
DA:56,10
DA:60,10
DA:64,10
DA:68,10
DA:72,10
DA:76,10
DA:78,10
DA:80,10
DA:84,12
DA:88,12
DA:91,12
DA:95,12
DA:100,10
DA:103,2
LF:34
LH:34
BRDA:8,0,0,2
BRDA:8,0,1,2
BRDA:13,1,0,2
BRDA:13,1,1,2
BRF:4
BRH:4
end_of_record
TN:
SF:C:\Users\vitor.delfino\Workspace\InvestmentMonitorBackend\src\app\strategy\models\strategy\configs\MarketMakerConfig.ts
FN:37,(anonymous_2)
FNF:1
FNH:1
FNDA:14,(anonymous_2)
DA:9,2
DA:10,2
DA:11,2
DA:12,2
DA:13,2
DA:14,2
DA:15,2
DA:16,2
DA:17,2
DA:19,2
DA:37,2
DA:41,12
DA:43,12
DA:48,12
DA:53,12
DA:60,12
DA:64,12
DA:71,12
DA:78,12
DA:85,12
DA:92,12
DA:99,12
DA:106,12
DA:113,12
DA:120,12
DA:127,12
DA:132,2
LF:27
LH:27
BRF:0
BRH:0
end_of_record
TN:
SF:C:\Users\vitor.delfino\Workspace\InvestmentMonitorBackend\src\app\strategy\models\strategy\configs\TelegramConfig.ts
FN:13,(anonymous_2)
FNF:1
FNH:1
FNDA:2,(anonymous_2)
DA:1,1
DA:2,1
DA:3,1
DA:13,1
DA:14,1
DA:16,1
DA:20,1
DA:24,1
DA:29,1
DA:30,1
LF:10
LH:10
BRF:0
BRH:0
end_of_record
TN:
SF:C:\Users\vitor.delfino\Workspace\InvestmentMonitorBackend\src\app\strategy\models\strategy\configs\types\ConfigCryptoMarketPrice.ts
FN:17,(anonymous_2)
FNF:1
FNH:1
FNDA:16,(anonymous_2)
DA:9,2
DA:17,2
DA:22,14
DA:27,14
DA:32,14
DA:33,2
LF:6
LH:6
BRF:0
BRH:0
end_of_record
TN:
SF:C:\Users\vitor.delfino\Workspace\InvestmentMonitorBackend\src\app\strategy\models\strategy\configs\types\ConfigExchangeOptions.ts
FN:17,(anonymous_0)
FNF:1
FNH:1
FNDA:15,(anonymous_0)
DA:17,2
DA:22,2
LF:2
LH:2
BRF:0
BRH:0
end_of_record
TN:
SF:C:\Users\vitor.delfino\Workspace\InvestmentMonitorBackend\src\app\strategy\models\strategy\configs\types\ConfigForexMarketPrice.ts
FN:18,(anonymous_2)
FNF:1
FNH:1
FNDA:16,(anonymous_2)
DA:9,2
DA:18,2
DA:23,14
DA:29,14
DA:35,14
DA:36,2
LF:6
LH:6
BRF:0
BRH:0
end_of_record
TN:
SF:C:\Users\vitor.delfino\Workspace\InvestmentMonitorBackend\src\app\strategy\models\strategy\configs\types\ConfigGlobal.ts
FN:17,(anonymous_0)
FNF:1
FNH:1
FNDA:17,(anonymous_0)
DA:17,2
DA:19,15
DA:20,15
DA:21,15
DA:26,15
DA:31,15
DA:32,2
LF:7
LH:7
BRF:0
BRH:0
end_of_record
TN:
SF:C:\Users\vitor.delfino\Workspace\InvestmentMonitorBackend\src\app\strategy\models\strategy\configs\types\ConfigKafka.ts
FN:14,(anonymous_0)
FNF:1
FNH:1
FNDA:14,(anonymous_0)
DA:14,2
DA:23,12
DA:24,2
LF:3
LH:3
BRF:0
BRH:0
end_of_record
TN:
SF:C:\Users\vitor.delfino\Workspace\InvestmentMonitorBackend\src\app\strategy\models\strategy\configs\types\ConfigReferencePrice.ts
FN:19,(anonymous_2)
FNF:1
FNH:1
FNDA:16,(anonymous_2)
DA:9,2
DA:19,2
DA:24,14
DA:30,14
DA:36,14
DA:42,14
DA:43,2
LF:7
LH:7
BRF:0
BRH:0
end_of_record
TN:
SF:C:\Users\vitor.delfino\Workspace\InvestmentMonitorBackend\src\app\strategy\models\strategy\configs\types\ConfigStrategyOrder.ts
FN:6,(anonymous_2)
FN:12,(anonymous_3)
FN:37,(anonymous_4)
FNF:3
FNH:3
FNDA:2,(anonymous_2)
FNDA:2,(anonymous_3)
FNDA:19,(anonymous_4)
DA:1,2
DA:2,2
DA:3,2
DA:4,2
DA:6,2
DA:7,2
DA:8,2
DA:9,2
DA:10,2
DA:12,2
DA:13,2
DA:14,2
DA:37,2
DA:39,17
DA:45,17
DA:52,17
DA:59,17
DA:63,17
DA:67,17
DA:71,17
DA:75,17
DA:79,17
DA:83,17
DA:87,17
DA:91,17
DA:95,17
DA:99,17
DA:103,17
DA:107,17
DA:111,17
DA:115,17
DA:119,17
DA:123,17
DA:128,17
DA:132,17
DA:136,17
DA:137,2
LF:37
LH:37
BRDA:6,0,0,2
BRDA:6,0,1,2
BRDA:12,1,0,2
BRDA:12,1,1,2
BRF:4
BRH:4
end_of_record
TN:
SF:C:\Users\vitor.delfino\Workspace\InvestmentMonitorBackend\src\app\strategy\models\strategy\configs\types\FractionOrder.ts
FN:8,(anonymous_2)
FNF:1
FNH:1
FNDA:24,(anonymous_2)
DA:1,2
DA:8,2
DA:12,22
DA:16,22
DA:17,2
LF:5
LH:5
BRF:0
BRH:0
end_of_record
TN:
SF:C:\Users\vitor.delfino\Workspace\InvestmentMonitorBackend\src\app\strategy\models\strategy\configs\types\Pair.ts
FN:14,(anonymous_2)
FNF:1
FNH:1
FNDA:2,(anonymous_2)
DA:1,1
DA:14,1
DA:18,1
DA:22,1
DA:26,1
DA:30,1
DA:34,1
DA:38,1
DA:42,1
DA:47,1
DA:48,1
LF:11
LH:11
BRF:0
BRH:0
end_of_record
TN:
SF:C:\Users\vitor.delfino\Workspace\InvestmentMonitorBackend\src\app\strategy\models\strategy\configs\types\PercentUpdate.ts
FN:9,(anonymous_2)
FNF:1
FNH:1
FNDA:24,(anonymous_2)
DA:1,2
DA:9,2
DA:12,22
DA:16,22
DA:17,2
LF:5
LH:5
BRF:0
BRH:0
end_of_record
TN:
SF:C:\Users\vitor.delfino\Workspace\InvestmentMonitorBackend\src\app\strategy\models\strategy\enums\StrategyStatus.ts
FN:1,(anonymous_0)
FNF:1
FNH:1
FNDA:3,(anonymous_0)
DA:1,3
DA:2,3
DA:3,3
LF:3
LH:3
BRDA:1,0,0,3
BRDA:1,0,1,3
BRF:2
BRH:2
end_of_record
TN:
SF:C:\Users\vitor.delfino\Workspace\InvestmentMonitorBackend\src\app\strategy\services\service.strategy.ts
FN:11,(anonymous_14)
FN:13,ServiceStrategy
FN:16,(anonymous_16)
FN:28,(anonymous_19)
FN:66,(anonymous_22)
FN:70,(anonymous_25)
FN:70,(anonymous_26)
FN:80,(anonymous_27)
FN:89,(anonymous_30)
FN:98,(anonymous_33)
FN:116,(anonymous_36)
FNF:11
FNH:8
FNDA:3,(anonymous_14)
FNDA:6,ServiceStrategy
FNDA:0,(anonymous_16)
FNDA:9,(anonymous_19)
FNDA:6,(anonymous_22)
FNDA:0,(anonymous_25)
FNDA:0,(anonymous_26)
FNDA:4,(anonymous_27)
FNDA:4,(anonymous_30)
FNDA:6,(anonymous_33)
FNDA:4,(anonymous_36)
DA:1,3
DA:2,3
DA:3,3
DA:7,3
DA:8,3
DA:9,3
DA:11,3
DA:13,6
DA:16,3
DA:17,0
DA:18,0
DA:19,0
DA:21,0
DA:22,0
DA:24,0
DA:28,3
DA:31,9
DA:32,18
DA:34,4
DA:35,4
DA:37,4
DA:38,2
DA:42,2
DA:43,2
DA:44,2
DA:45,2
DA:46,2
DA:47,2
DA:50,2
DA:51,2
DA:54,5
DA:55,5
DA:57,0
DA:66,6
DA:68,6
DA:69,6
DA:70,0
DA:73,6
DA:74,5
DA:76,1
DA:80,3
DA:82,4
DA:83,2
DA:85,2
DA:89,3
DA:91,8
DA:92,2
DA:94,2
DA:98,3
DA:100,6
DA:102,6
DA:104,4
DA:105,2
DA:108,4
DA:109,2
DA:112,2
DA:116,3
DA:118,4
DA:119,8
DA:120,2
DA:122,2
DA:125,3
LF:62
LH:54
BRDA:21,0,0,0
BRDA:21,0,1,0
BRDA:37,1,0,2
BRDA:37,1,1,2
BRDA:45,2,0,2
BRDA:45,2,1,0
BRDA:54,3,0,5
BRDA:54,3,1,0
BRDA:66,4,0,0
BRDA:66,4,1,6
BRDA:69,5,0,0
BRDA:69,5,1,6
BRDA:100,6,0,6
BRDA:100,6,1,0
BRDA:104,7,0,2
BRDA:104,7,1,2
BRDA:118,8,0,4
BRDA:118,8,1,0
BRF:18
BRH:10
end_of_record
TN:
SF:C:\Users\vitor.delfino\Workspace\InvestmentMonitorBackend\src\infra\app-server.ts
FN:14,(anonymous_1)
FN:22,AppServer
FN:39,(anonymous_3)
FN:43,(anonymous_4)
FN:47,(anonymous_5)
FN:52,(anonymous_6)
FN:56,(anonymous_7)
FN:57,(anonymous_8)
FN:62,(anonymous_9)
FN:63,(anonymous_10)
FN:64,(anonymous_11)
FN:69,(anonymous_12)
FNF:12
FNH:1
FNDA:1,(anonymous_1)
FNDA:0,AppServer
FNDA:0,(anonymous_3)
FNDA:0,(anonymous_4)
FNDA:0,(anonymous_5)
FNDA:0,(anonymous_6)
FNDA:0,(anonymous_7)
FNDA:0,(anonymous_8)
FNDA:0,(anonymous_9)
FNDA:0,(anonymous_10)
FNDA:0,(anonymous_11)
FNDA:0,(anonymous_12)
DA:1,1
DA:2,1
DA:3,1
DA:4,1
DA:5,1
DA:8,1
DA:9,1
DA:10,1
DA:11,1
DA:14,1
DA:15,1
DA:23,0
DA:24,0
DA:25,0
DA:26,0
DA:27,0
DA:28,0
DA:29,0
DA:30,0
DA:31,0
DA:32,0
DA:33,0
DA:34,0
DA:36,0
DA:39,1
DA:40,0
DA:43,1
DA:44,0
DA:47,1
DA:48,0
DA:49,0
DA:52,1
DA:53,0
DA:56,1
DA:57,0
DA:62,1
DA:63,0
DA:64,0
DA:65,0
DA:69,1
DA:70,0
DA:72,1
LF:42
LH:19
BRDA:30,0,0,0
BRDA:30,0,1,0
BRDA:48,1,0,0
BRDA:48,1,1,0
BRDA:49,2,0,0
BRDA:49,2,1,0
BRDA:70,3,0,0
BRDA:70,3,1,0
BRF:8
BRH:0
end_of_record
TN:
SF:C:\Users\vitor.delfino\Workspace\InvestmentMonitorBackend\src\infra\kafka\kafka-client.ts
FN:10,(anonymous_1)
FN:15,KafkaClient
FN:23,(anonymous_3)
FN:29,(anonymous_4)
FNF:4
FNH:1
FNDA:1,(anonymous_1)
FNDA:0,KafkaClient
FNDA:0,(anonymous_3)
FNDA:0,(anonymous_4)
DA:9,1
DA:10,1
DA:16,0
DA:23,1
DA:24,0
DA:25,0
DA:26,0
DA:29,1
DA:30,0
DA:32,1
LF:10
LH:5
BRDA:24,0,0,0
BRDA:24,0,1,0
BRF:2
BRH:0
end_of_record
TN:
SF:C:\Users\vitor.delfino\Workspace\InvestmentMonitorBackend\src\infra\kafka\kafka-consumer-create-topics.ts
FN:9,(anonymous_13)
FN:15,KafkaConsumerCreateTopic
FN:19,(anonymous_15)
FN:27,(anonymous_16)
FN:31,(anonymous_19)
FN:62,(anonymous_22)
FN:74,(anonymous_25)
FN:81,(anonymous_28)
FN:81,(anonymous_29)
FN:85,(anonymous_31)
FNF:10
FNH:1
FNDA:1,(anonymous_13)
FNDA:0,KafkaConsumerCreateTopic
FNDA:0,(anonymous_15)
FNDA:0,(anonymous_16)
FNDA:0,(anonymous_19)
FNDA:0,(anonymous_22)
FNDA:0,(anonymous_25)
FNDA:0,(anonymous_28)
FNDA:0,(anonymous_29)
FNDA:0,(anonymous_31)
DA:1,1
DA:2,1
DA:5,1
DA:7,1
DA:9,1
DA:16,0
DA:19,1
DA:20,0
DA:21,0
DA:22,0
DA:24,0
DA:27,1
DA:28,0
DA:31,1
DA:33,0
DA:34,0
DA:36,0
DA:37,0
DA:40,0
DA:41,0
DA:44,0
DA:45,0
DA:54,0
DA:55,0
DA:57,0
DA:62,1
DA:63,0
DA:68,0
DA:69,0
DA:72,0
DA:74,0
DA:75,0
DA:76,0
DA:77,0
DA:81,0
DA:82,0
DA:83,0
DA:85,0
DA:89,1
LF:39
LH:10
BRDA:21,0,0,0
BRDA:21,0,1,0
BRDA:28,1,0,0
BRF:3
BRH:0
end_of_record
TN:
SF:C:\Users\vitor.delfino\Workspace\InvestmentMonitorBackend\src\infra\kafka\kafka-consumer-crypto-data.ts
FN:8,(anonymous_13)
FN:15,KafkaConsumerCryptoData
FN:20,(anonymous_15)
FN:28,(anonymous_16)
FN:35,(anonymous_17)
FN:40,(anonymous_20)
FN:44,(anonymous_23)
FN:45,(anonymous_24)
FN:51,(anonymous_25)
FN:64,(anonymous_28)
FN:67,(anonymous_31)
FN:74,(anonymous_34)
FNF:12
FNH:1
FNDA:1,(anonymous_13)
FNDA:0,KafkaConsumerCryptoData
FNDA:0,(anonymous_15)
FNDA:0,(anonymous_16)
FNDA:0,(anonymous_17)
FNDA:0,(anonymous_20)
FNDA:0,(anonymous_23)
FNDA:0,(anonymous_24)
FNDA:0,(anonymous_25)
FNDA:0,(anonymous_28)
FNDA:0,(anonymous_31)
FNDA:0,(anonymous_34)
DA:1,1
DA:2,1
DA:4,1
DA:5,1
DA:7,1
DA:8,1
DA:12,0
DA:16,0
DA:17,0
DA:20,1
DA:21,0
DA:28,1
DA:29,0
DA:30,0
DA:32,0
DA:35,1
DA:36,0
DA:37,0
DA:40,1
DA:41,0
DA:44,1
DA:45,0
DA:51,1
DA:52,0
DA:54,0
DA:55,0
DA:56,0
DA:57,0
DA:59,0
DA:61,0
DA:64,1
DA:65,0
DA:67,0
DA:68,0
DA:69,0
DA:74,1
DA:75,0
DA:76,0
DA:77,0
DA:79,0
DA:80,0
DA:81,0
DA:82,0
DA:84,0
DA:87,0
DA:88,0
DA:89,0
DA:91,0
DA:92,0
DA:94,0
DA:98,0
DA:99,0
DA:101,0
DA:104,0
DA:107,1
LF:55
LH:15
BRDA:29,0,0,0
BRDA:29,0,1,0
BRDA:36,1,0,0
BRDA:46,2,0,0
BRDA:46,2,1,0
BRDA:59,3,0,0
BRDA:55,4,0,0
BRDA:55,4,1,0
BRDA:65,5,0,0
BRDA:65,5,1,0
BRDA:75,6,0,0
BRDA:76,7,0,0
BRDA:76,7,1,0
BRDA:87,8,0,0
BRDA:87,8,1,0
BRF:15
BRH:0
end_of_record
TN:
SF:C:\Users\vitor.delfino\Workspace\InvestmentMonitorBackend\src\infra\kafka\kafka-consumer-cryptodata-groupall.ts
FN:9,(anonymous_13)
FN:17,KafkaConsumerCryptodataGroupall
FN:22,(anonymous_15)
FN:29,(anonymous_16)
FN:36,(anonymous_17)
FN:42,(anonymous_20)
FN:46,(anonymous_23)
FN:47,(anonymous_24)
FN:52,(anonymous_25)
FN:71,(anonymous_28)
FN:74,(anonymous_31)
FN:86,(anonymous_34)
FNF:12
FNH:1
FNDA:1,(anonymous_13)
FNDA:0,KafkaConsumerCryptodataGroupall
FNDA:0,(anonymous_15)
FNDA:0,(anonymous_16)
FNDA:0,(anonymous_17)
FNDA:0,(anonymous_20)
FNDA:0,(anonymous_23)
FNDA:0,(anonymous_24)
FNDA:0,(anonymous_25)
FNDA:0,(anonymous_28)
FNDA:0,(anonymous_31)
FNDA:0,(anonymous_34)
DA:1,1
DA:2,1
DA:4,1
DA:5,1
DA:7,1
DA:9,1
DA:13,0
DA:15,0
DA:18,0
DA:19,0
DA:22,1
DA:23,0
DA:29,1
DA:30,0
DA:31,0
DA:33,0
DA:36,1
DA:37,0
DA:38,0
DA:42,1
DA:43,0
DA:46,1
DA:47,0
DA:52,1
DA:53,0
DA:54,0
DA:55,0
DA:56,0
DA:57,0
DA:58,0
DA:59,0
DA:61,0
DA:63,0
DA:65,0
DA:71,1
DA:72,0
DA:74,0
DA:75,0
DA:76,0
DA:77,0
DA:78,0
DA:79,0
DA:80,0
DA:81,0
DA:86,1
DA:87,0
DA:88,0
DA:89,0
DA:91,0
DA:92,0
DA:93,0
DA:94,0
DA:96,0
DA:99,0
DA:100,0
DA:101,0
DA:103,0
DA:104,0
DA:106,0
DA:110,0
DA:111,0
DA:113,0
DA:116,0
DA:118,1
LF:64
LH:15
BRDA:30,0,0,0
BRDA:30,0,1,0
BRDA:37,1,0,0
BRDA:48,2,0,0
BRDA:48,2,1,0
BRDA:61,3,0,0
BRDA:55,4,0,0
BRDA:55,4,1,0
BRDA:57,5,0,0
BRDA:57,5,1,0
BRDA:72,6,0,0
BRDA:72,6,1,0
BRDA:87,7,0,0
BRDA:88,8,0,0
BRDA:88,8,1,0
BRDA:99,9,0,0
BRDA:99,9,1,0
BRF:17
BRH:0
end_of_record
TN:
SF:C:\Users\vitor.delfino\Workspace\InvestmentMonitorBackend\src\infra\ws\ws-service.ts
FN:7,(anonymous_13)
FN:11,WSServer
FN:14,(anonymous_15)
FN:21,(anonymous_16)
FN:24,(anonymous_19)
FN:34,(anonymous_20)
FN:37,(anonymous_21)
FN:42,(anonymous_22)
FN:53,(anonymous_23)
FNF:9
FNH:1
FNDA:1,(anonymous_13)
FNDA:0,WSServer
FNDA:0,(anonymous_15)
FNDA:0,(anonymous_16)
FNDA:0,(anonymous_19)
FNDA:0,(anonymous_20)
FNDA:0,(anonymous_21)
FNDA:0,(anonymous_22)
FNDA:0,(anonymous_23)
DA:1,1
DA:2,1
DA:3,1
DA:5,1
DA:7,1
DA:14,1
DA:15,0
DA:16,0
DA:18,0
DA:21,1
DA:24,0
DA:26,0
DA:27,0
DA:28,0
DA:29,0
DA:30,0
DA:31,0
DA:32,0
DA:35,0
DA:37,0
DA:38,0
DA:39,0
DA:42,0
DA:43,0
DA:46,0
DA:47,0
DA:49,0
DA:53,1
DA:54,0
DA:55,0
DA:56,0
DA:57,0
DA:60,1
DA:62,1
LF:34
LH:10
BRDA:15,0,0,0
BRDA:15,0,1,0
BRDA:26,1,0,0
BRDA:26,1,1,0
BRDA:29,2,0,0
BRDA:29,2,1,0
BRDA:46,3,0,0
BRDA:46,3,1,0
BRDA:54,4,0,0
BRDA:54,4,1,0
BRDA:54,5,0,0
BRDA:54,5,1,0
BRDA:56,6,0,0
BRDA:56,6,1,0
BRDA:56,7,0,0
BRDA:56,7,1,0
BRF:16
BRH:0
end_of_record
TN:
SF:C:\Users\vitor.delfino\Workspace\InvestmentMonitorBackend\src\shared\db\db-topic-persistent.ts
FN:5,(anonymous_1)
FNF:1
FNH:1
FNDA:1,(anonymous_1)
DA:1,1
DA:2,1
DA:5,1
DA:6,1
DA:8,1
DA:9,1
DA:10,1
DA:12,1
DA:13,1
LF:9
LH:9
BRDA:8,0,0,1
BRDA:8,0,1,0
BRDA:12,1,0,1
BRDA:12,1,1,0
BRF:4
BRH:2
end_of_record
TN:
SF:C:\Users\vitor.delfino\Workspace\InvestmentMonitorBackend\src\shared\helpers\handleValitateError.ts
FN:4,(anonymous_12)
FN:4,(anonymous_13)
FN:7,(anonymous_15)
FN:14,(anonymous_16)
FN:16,(anonymous_17)
FN:20,(anonymous_18)
FN:24,(anonymous_19)
FN:25,(anonymous_20)
FNF:8
FNH:8
FNDA:28,(anonymous_12)
FNDA:28,(anonymous_13)
FNDA:31,(anonymous_15)
FNDA:65,(anonymous_16)
FNDA:34,(anonymous_17)
FNDA:105,(anonymous_18)
FNDA:16,(anonymous_19)
FNDA:65,(anonymous_20)
DA:1,7
DA:2,7
DA:4,28
DA:5,28
DA:7,31
DA:8,10
DA:10,18
DA:14,7
DA:15,65
DA:16,34
DA:17,59
DA:20,105
DA:24,7
DA:25,16
DA:26,65
LF:15
LH:15
BRDA:5,0,0,10
BRDA:5,0,1,18
BRDA:15,1,0,6
BRDA:15,1,1,59
BRDA:26,2,0,6
BRDA:26,2,1,59
BRF:6
BRH:6
end_of_record
TN:
SF:C:\Users\vitor.delfino\Workspace\InvestmentMonitorBackend\src\shared\helpers\populate.ts
FN:1,populate
FN:5,(anonymous_1)
FN:17,(anonymous_2)
FNF:3
FNH:2
FNDA:66,populate
FNDA:522,(anonymous_1)
FNDA:0,(anonymous_2)
DA:1,7
DA:2,66
DA:4,66
DA:6,522
DA:10,38
DA:11,484
DA:14,9
DA:15,9
DA:17,0
DA:21,475
DA:24,66
LF:11
LH:10
BRDA:6,0,0,38
BRDA:6,0,1,484
BRDA:6,1,0,522
BRDA:6,1,1,50
BRDA:6,1,2,41
BRDA:6,1,3,41
BRDA:11,2,0,9
BRDA:11,2,1,475
BRDA:11,3,0,484
BRDA:11,3,1,12
BRDA:11,3,2,9
BRDA:11,3,3,9
BRDA:14,4,0,9
BRDA:14,4,1,0
BRF:14
BRH:13
end_of_record
TN:
SF:C:\Users\vitor.delfino\Workspace\InvestmentMonitorBackend\src\shared\helpers\system-errors.ts
FNF:0
FNH:0
DA:1,3
LF:1
LH:1
BRF:0
BRH:0
end_of_record
TN:
SF:C:\Users\vitor.delfino\Workspace\InvestmentMonitorBackend\src\shared\models\ApplicationResponse.ts
FN:10,(anonymous_0)
FN:12,ApplicationResponse
FNF:2
FNH:2
FNDA:12,(anonymous_0)
FNDA:91,ApplicationResponse
DA:10,12
DA:12,91
DA:15,12
LF:3
LH:3
BRF:0
BRH:0
end_of_record
TN:
SF:C:\Users\vitor.delfino\Workspace\InvestmentMonitorBackend\src\shared\models\enum\Topic.ts
FN:1,(anonymous_0)
FN:7,(anonymous_1)
FNF:2
FNH:2
FNDA:2,(anonymous_0)
FNDA:2,(anonymous_1)
DA:1,2
DA:2,2
DA:3,2
DA:4,2
DA:7,2
DA:8,2
LF:6
LH:6
BRDA:1,0,0,2
BRDA:1,0,1,2
BRDA:7,1,0,2
BRDA:7,1,1,2
BRF:4
BRH:4
end_of_record
TN:
SF:C:\Users\vitor.delfino\Workspace\InvestmentMonitorBackend\src\shared\models\enum\area.en.ts
FN:1,(anonymous_0)
FN:12,(anonymous_1)
FN:18,(anonymous_2)
FNF:3
FNH:3
FNDA:1,(anonymous_0)
FNDA:1,(anonymous_1)
FNDA:1,(anonymous_2)
DA:1,1
DA:2,1
DA:3,1
DA:4,1
DA:5,1
DA:6,1
DA:7,1
DA:8,1
DA:9,1
DA:12,1
DA:13,1
DA:14,1
DA:15,1
DA:18,1
DA:19,1
DA:20,1
DA:21,1
LF:17
LH:17
BRDA:1,0,0,1
BRDA:1,0,1,1
BRDA:12,1,0,1
BRDA:12,1,1,1
BRDA:18,2,0,1
BRDA:18,2,1,1
BRF:6
BRH:6
end_of_record
TN:
SF:C:\Users\vitor.delfino\Workspace\InvestmentMonitorBackend\src\shared\models\enum\projectName.ts
FN:10,(anonymous_0)
FN:17,(anonymous_1)
FNF:2
FNH:2
FNDA:5,(anonymous_0)
FNDA:5,(anonymous_1)
DA:10,5
DA:11,5
DA:12,5
DA:13,5
DA:14,5
DA:15,5
DA:17,5
DA:18,5
DA:19,5
DA:20,5
DA:21,5
DA:22,5
LF:12
LH:12
BRDA:10,0,0,5
BRDA:10,0,1,5
BRDA:17,1,0,5
BRDA:17,1,1,5
BRF:4
BRH:4
end_of_record
TN:
SF:C:\Users\vitor.delfino\Workspace\InvestmentMonitorBackend\src\shared\util\factorPool.ts
FNF:0
FNH:0
DA:1,1
DA:3,1
DA:4,1
DA:5,1
DA:6,1
DA:8,1
DA:12,1
DA:14,1
DA:15,1
DA:16,1
DA:17,1
DA:18,1
DA:20,1
DA:21,1
DA:22,1
DA:23,1
DA:24,1
DA:25,1
DA:28,1
DA:29,1
DA:30,1
LF:21
LH:21
BRF:0
BRH:0
end_of_record
